#
# There is insufficient memory for the Java Runtime Environment to continue.
# Native memory allocation (mmap) failed to map 33030144 bytes for committing reserved memory.
# Possible reasons:
#   The system is out of physical RAM or swap space
#   The process is running with CompressedOops enabled, and the Java Heap may be blocking the growth of the native heap
# Possible solutions:
#   Reduce memory load on the system
#   Increase physical memory or swap space
#   Check if swap backing store is full
#   Decrease Java heap size (-Xmx/-Xms)
#   Decrease number of Java threads
#   Decrease Java thread stack sizes (-Xss)
#   Set larger code cache with -XX:ReservedCodeCacheSize=
#   JVM is running with Unscaled Compressed Oops mode in which the Java heap is
#     placed in the first 4GB address space. The Java Heap base address is the
#     maximum limit for the native heap growth. Please use -XX:HeapBaseMinAddress
#     to set the Java Heap base and to place the Java Heap above 4GB virtual address.
# This output file may be truncated or incomplete.
#
#  Out of Memory Error (os_linux.cpp:2798), pid=18059, tid=0x00007ff2a5b6f700
#
# JRE version: OpenJDK Runtime Environment (8.0_292-b10) (build 1.8.0_292-8u292-b10-0ubuntu1~16.04.1-b10)
# Java VM: OpenJDK 64-Bit Server VM (25.292-b10 mixed mode linux-amd64 compressed oops)
# Failed to write core dump. Core dumps have been disabled. To enable core dumping, try "ulimit -c unlimited" before starting Java again
#

---------------  T H R E A D  ---------------

Current thread (0x00007ff2b8079000):  VMThread [stack: 0x00007ff2a5a6f000,0x00007ff2a5b70000] [id=18070]

Stack: [0x00007ff2a5a6f000,0x00007ff2a5b70000],  sp=0x00007ff2a5b6e360,  free space=1020k
Native frames: (J=compiled Java code, j=interpreted, Vv=VM code, C=native code)
V  [libjvm.so+0xb1e67b]
V  [libjvm.so+0x4e01dc]
V  [libjvm.so+0x95bc48]
V  [libjvm.so+0x953b3e]
V  [libjvm.so+0x9d4ad6]
V  [libjvm.so+0x9d5e03]
V  [libjvm.so+0x9d2204]
V  [libjvm.so+0x9d249c]
V  [libjvm.so+0x983953]
V  [libjvm.so+0xb20372]
V  [libjvm.so+0xb26067]
V  [libjvm.so+0xb23b43]
V  [libjvm.so+0xb23ee5]
V  [libjvm.so+0xb244b2]
V  [libjvm.so+0x958fe2]

VM_Operation (0x00007ff29eef9780): ParallelGCFailedAllocation, mode: safepoint, requested by thread 0x00007ff25400a800


---------------  P R O C E S S  ---------------

Java Threads: ( => current thread )
  0x00007ff254473800 JavaThread "Build operations Thread 4" [_thread_blocked, id=18482, stack(0x00007ff2971f6000,0x00007ff2972f7000)]
  0x00007ff254471800 JavaThread "Build operations Thread 3" [_thread_blocked, id=18481, stack(0x00007ff2972f7000,0x00007ff2973f8000)]
  0x00007ff254470800 JavaThread "Build operations Thread 2" [_thread_blocked, id=18480, stack(0x00007ff2973f8000,0x00007ff2974f9000)]
  0x00007ff2541ff800 JavaThread "Cache worker for Build Output Cleanup Cache (/home/test/Downloads/190816_cmtm_code/catkin_ws/src/rosjava_srv_ws/src/task_manager/.gradle/buildOutputCleanup)" [_thread_blocked, id=18479, stack(0x00007ff2974f9000,0x00007ff2975fa000)]
  0x00007ff2541fc000 JavaThread "Cache worker for task history cache (/home/test/Downloads/190816_cmtm_code/catkin_ws/src/rosjava_srv_ws/src/task_manager/.gradle/4.10.2/taskHistory)" [_thread_blocked, id=18478, stack(0x00007ff2975fa000,0x00007ff2976fb000)]
  0x00007ff25447e800 JavaThread "Task worker for ':' Thread 3" [_thread_blocked, id=18477, stack(0x00007ff2976fb000,0x00007ff2977fc000)]
  0x00007ff25447c800 JavaThread "Task worker for ':' Thread 2" [_thread_blocked, id=18476, stack(0x00007ff2977fc000,0x00007ff2978fd000)]
  0x00007ff25447a000 JavaThread "Task worker for ':'" [_thread_blocked, id=18475, stack(0x00007ff2978fd000,0x00007ff2979fe000)]
  0x00007ff254d04000 JavaThread "Cache worker for file content cache (/home/test/Downloads/190816_cmtm_code/catkin_ws/src/rosjava_srv_ws/src/task_manager/.gradle/4.10.2/fileContent)" [_thread_blocked, id=18474, stack(0x00007ff297dfe000,0x00007ff297eff000)]
  0x00007ff254d02000 JavaThread "Cache worker for file content cache (/home/test/.gradle/caches/4.10.2/fileContent)" [_thread_blocked, id=18473, stack(0x00007ff297eff000,0x00007ff298000000)]
  0x00007ff254cf6800 JavaThread "Memory manager" [_thread_blocked, id=18472, stack(0x00007ff29c040000,0x00007ff29c141000)]
  0x00007ff2542b9800 JavaThread "Build operations" [_thread_blocked, id=18470, stack(0x00007ff29c541000,0x00007ff29c642000)]
  0x00007ff254be5000 JavaThread "Cache worker for Artifact transforms cache (/home/test/.gradle/caches/transforms-1)" [_thread_blocked, id=18467, stack(0x00007ff29c842000,0x00007ff29c943000)]
  0x00007ff254bd8000 JavaThread "Cache worker for cache directory md-rule (/home/test/.gradle/caches/4.10.2/md-rule)" [_thread_blocked, id=18466, stack(0x00007ff29cb43000,0x00007ff29cc44000)]
  0x00007ff254bc0800 JavaThread "Cache worker for cache directory md-supplier (/home/test/.gradle/caches/4.10.2/md-supplier)" [_thread_blocked, id=18465, stack(0x00007ff29cc44000,0x00007ff29cd45000)]
  0x00007ff25449e800 JavaThread "Cache worker for journal cache (/home/test/.gradle/caches/journal-1)" [_thread_blocked, id=18449, stack(0x00007ff29e397000,0x00007ff29e498000)]
  0x00007ff254224000 JavaThread "Cache worker for file hash cache (/home/test/Downloads/190816_cmtm_code/catkin_ws/src/rosjava_srv_ws/src/task_manager/.gradle/4.10.2/fileHashes)" [_thread_blocked, id=18400, stack(0x00007ff29e5f6000,0x00007ff29e6f7000)]
  0x00007ff254186000 JavaThread "File lock request listener" [_thread_in_native, id=18386, stack(0x00007ff29e8f7000,0x00007ff29e9f8000)]
  0x00007ff25417c800 JavaThread "Cache worker for file hash cache (/home/test/.gradle/caches/4.10.2/fileHashes)" [_thread_blocked, id=18378, stack(0x00007ff29e9f8000,0x00007ff29eaf9000)]
  0x00007ff25400c800 JavaThread "Stdin handler" [_thread_blocked, id=18333, stack(0x00007ff29ecf9000,0x00007ff29edfa000)]
  0x00007ff25400a800 JavaThread "Asynchronous log dispatcher for DefaultDaemonConnection: socket connection from /0:0:0:0:0:0:0:1:33327 to /0:0:0:0:0:0:0:1:48162" [_thread_blocked, id=18327, stack(0x00007ff29edfa000,0x00007ff29eefb000)]
  0x00007ff258008000 JavaThread "Daemon worker" [_thread_blocked, id=18322, stack(0x00007ff29eefb000,0x00007ff29effc000)]
  0x00007ff258006000 JavaThread "Cancel handler" [_thread_blocked, id=18320, stack(0x00007ff29effc000,0x00007ff29f0fd000)]
  0x00007ff258003800 JavaThread "Handler for socket connection from /0:0:0:0:0:0:0:1:33327 to /0:0:0:0:0:0:0:1:48162" [_thread_in_native, id=18315, stack(0x00007ff29f0fd000,0x00007ff29f1fe000)]
  0x00007ff26002d000 JavaThread "Daemon" [_thread_blocked, id=18311, stack(0x00007ff29f1fe000,0x00007ff29f2ff000)]
  0x00007ff2b9114800 JavaThread "Daemon periodic checks" [_thread_blocked, id=18310, stack(0x00007ff29f2ff000,0x00007ff29f400000)]
  0x00007ff2b90ee800 JavaThread "Incoming local TCP Connector on port 33327" [_thread_in_native, id=18301, stack(0x00007ff29f407000,0x00007ff29f508000)]
  0x00007ff2b80c3800 JavaThread "Service Thread" daemon [_thread_blocked, id=18085, stack(0x00007ff2a4869000,0x00007ff2a496a000)]
  0x00007ff2b80c0800 JavaThread "C1 CompilerThread2" daemon [_thread_blocked, id=18084, stack(0x00007ff2a496a000,0x00007ff2a4a6b000)]
  0x00007ff2b80be800 JavaThread "C2 CompilerThread1" daemon [_thread_blocked, id=18078, stack(0x00007ff2a4a6b000,0x00007ff2a4b6c000)]
  0x00007ff2b80bc000 JavaThread "C2 CompilerThread0" daemon [_thread_blocked, id=18077, stack(0x00007ff2a4b6c000,0x00007ff2a4c6d000)]
  0x00007ff2b80b9000 JavaThread "Signal Dispatcher" daemon [_thread_blocked, id=18074, stack(0x00007ff2a4c6d000,0x00007ff2a4d6e000)]
  0x00007ff2b8087800 JavaThread "Finalizer" daemon [_thread_blocked, id=18072, stack(0x00007ff2a586d000,0x00007ff2a596e000)]
  0x00007ff2b8083000 JavaThread "Reference Handler" daemon [_thread_blocked, id=18071, stack(0x00007ff2a596e000,0x00007ff2a5a6f000)]
  0x00007ff2b800b000 JavaThread "main" [_thread_blocked, id=18061, stack(0x00007ff2c0909000,0x00007ff2c0a0a000)]

Other Threads:
=>0x00007ff2b8079000 VMThread [stack: 0x00007ff2a5a6f000,0x00007ff2a5b70000] [id=18070]
  0x00007ff2b80c6000 WatcherThread [stack: 0x00007ff2a4768000,0x00007ff2a4869000] [id=18086]

VM state:at safepoint (normal execution)

VM Mutex/Monitor currently owned by a thread:  ([mutex/lock_event])
[0x00007ff2b8007480] Threads_lock - owner thread: 0x00007ff2b8079000
[0x00007ff2b8007980] Heap_lock - owner thread: 0x00007ff25400a800

heap address: 0x00000000c0000000, size: 1024 MB, Compressed Oops mode: 32-bit
Narrow klass base: 0x0000000000000000, Narrow klass shift: 3
Compressed class space size: 1073741824 Address: 0x0000000100000000

Heap:
 PSYoungGen      total 159744K, used 13792K [0x00000000eab00000, 0x00000000f6400000, 0x0000000100000000)
  eden space 145920K, 0% used [0x00000000eab00000,0x00000000eab00000,0x00000000f3980000)
  from space 13824K, 99% used [0x00000000f3980000,0x00000000f46f8050,0x00000000f4700000)
  to   space 12288K, 0% used [0x00000000f4700000,0x00000000f4700000,0x00000000f5300000)
 ParOldGen       total 45056K, used 22163K [0x00000000c0000000, 0x00000000c2c00000, 0x00000000eab00000)
  object space 45056K, 49% used [0x00000000c0000000,0x00000000c15a4d70,0x00000000c2c00000)
 Metaspace       used 46778K, capacity 47446K, committed 47920K, reserved 1089536K
  class space    used 6662K, capacity 6890K, committed 6960K, reserved 1048576K

Card table byte_map: [0x00007ff2bcd0c000,0x00007ff2bcf0d000] byte_map_base: 0x00007ff2bc70c000

Marking Bits: (ParMarkBitMap*) 0x00007ff2bfbf68a0
 Begin Bits: [0x00007ff2a7000000, 0x00007ff2a8000000)
 End Bits:   [0x00007ff2a8000000, 0x00007ff2a9000000)

Polling page: 0x00007ff2c0a4a000

CodeCache: size=245760Kb used=16511Kb max_used=16524Kb free=229249Kb
 bounds [0x00007ff2a9000000, 0x00007ff2aa040000, 0x00007ff2b8000000]
 total_blobs=5596 nmethods=4818 adapters=691
 compilation: enabled

Compilation events (10 events):
Event: 29.341 Thread 0x00007ff2b80bc000 nmethod 5682 0x00007ff2a97b1710 code [0x00007ff2a97b1860, 0x00007ff2a97b18f8]
Event: 29.345 Thread 0x00007ff2b80c0800 nmethod 5683 0x00007ff2aa03a1d0 code [0x00007ff2aa03a380, 0x00007ff2aa03a8d8]
Event: 29.345 Thread 0x00007ff2b80c0800 5684       3       com.google.common.collect.ImmutableAsList::size (8 bytes)
Event: 29.345 Thread 0x00007ff2b80c0800 nmethod 5684 0x00007ff2aa039c90 code [0x00007ff2aa039e20, 0x00007ff2aa03a0f8]
Event: 29.345 Thread 0x00007ff2b80c0800 5685       3       com.google.common.collect.ImmutableList$1::<init> (12 bytes)
Event: 29.345 Thread 0x00007ff2b80c0800 nmethod 5685 0x00007ff2aa039210 code [0x00007ff2aa0393c0, 0x00007ff2aa0398f8]
Event: 29.345 Thread 0x00007ff2b80c0800 5674       3       org.gradle.api.internal.changedetection.state.mirror.MerkleDirectorySnapshotBuilder::getRelativePath (8 bytes)
Event: 29.346 Thread 0x00007ff2b80c0800 nmethod 5674 0x00007ff2a97b1390 code [0x00007ff2a97b1500, 0x00007ff2a97b1670]
Event: 29.346 Thread 0x00007ff2b80c0800 5688       3       org.apache.commons.io.FilenameUtils::doNormalize (530 bytes)
Event: 29.360 Thread 0x00007ff2b80be800 5691       4       java.util.LinkedHashMap$LinkedEntryIterator::next (5 bytes)

GC Heap History (10 events):
Event: 3.367 GC heap after
Heap after GC invocations=8 (full 1):
 PSYoungGen      total 74752K, used 0K [0x00000000eab00000, 0x00000000f4100000, 0x0000000100000000)
  eden space 68608K, 0% used [0x00000000eab00000,0x00000000eab00000,0x00000000eee00000)
  from space 6144K, 0% used [0x00000000eee00000,0x00000000eee00000,0x00000000ef400000)
  to   space 8192K, 0% used [0x00000000f3900000,0x00000000f3900000,0x00000000f4100000)
 ParOldGen       total 31744K, used 15149K [0x00000000c0000000, 0x00000000c1f00000, 0x00000000eab00000)
  object space 31744K, 47% used [0x00000000c0000000,0x00000000c0ecb610,0x00000000c1f00000)
 Metaspace       used 20813K, capacity 21138K, committed 21296K, reserved 1067008K
  class space    used 2986K, capacity 3089K, committed 3120K, reserved 1048576K
}
Event: 4.155 GC heap before
{Heap before GC invocations=9 (full 1):
 PSYoungGen      total 74752K, used 68608K [0x00000000eab00000, 0x00000000f4100000, 0x0000000100000000)
  eden space 68608K, 100% used [0x00000000eab00000,0x00000000eee00000,0x00000000eee00000)
  from space 6144K, 0% used [0x00000000eee00000,0x00000000eee00000,0x00000000ef400000)
  to   space 8192K, 0% used [0x00000000f3900000,0x00000000f3900000,0x00000000f4100000)
 ParOldGen       total 31744K, used 15149K [0x00000000c0000000, 0x00000000c1f00000, 0x00000000eab00000)
  object space 31744K, 47% used [0x00000000c0000000,0x00000000c0ecb610,0x00000000c1f00000)
 Metaspace       used 27432K, capacity 27874K, committed 28080K, reserved 1073152K
  class space    used 3756K, capacity 3915K, committed 4016K, reserved 1048576K
Event: 4.164 GC heap after
Heap after GC invocations=9 (full 1):
 PSYoungGen      total 116736K, used 7344K [0x00000000eab00000, 0x00000000f4080000, 0x0000000100000000)
  eden space 109056K, 0% used [0x00000000eab00000,0x00000000eab00000,0x00000000f1580000)
  from space 7680K, 95% used [0x00000000f3900000,0x00000000f402c278,0x00000000f4080000)
  to   space 9216K, 0% used [0x00000000f2e80000,0x00000000f2e80000,0x00000000f3780000)
 ParOldGen       total 31744K, used 15157K [0x00000000c0000000, 0x00000000c1f00000, 0x00000000eab00000)
  object space 31744K, 47% used [0x00000000c0000000,0x00000000c0ecd610,0x00000000c1f00000)
 Metaspace       used 27432K, capacity 27874K, committed 28080K, reserved 1073152K
  class space    used 3756K, capacity 3915K, committed 4016K, reserved 1048576K
}
Event: 5.411 GC heap before
{Heap before GC invocations=10 (full 1):
 PSYoungGen      total 116736K, used 116040K [0x00000000eab00000, 0x00000000f4080000, 0x0000000100000000)
  eden space 109056K, 99% used [0x00000000eab00000,0x00000000f15260b0,0x00000000f1580000)
  from space 7680K, 95% used [0x00000000f3900000,0x00000000f402c278,0x00000000f4080000)
  to   space 9216K, 0% used [0x00000000f2e80000,0x00000000f2e80000,0x00000000f3780000)
 ParOldGen       total 31744K, used 15157K [0x00000000c0000000, 0x00000000c1f00000, 0x00000000eab00000)
  object space 31744K, 47% used [0x00000000c0000000,0x00000000c0ecd610,0x00000000c1f00000)
 Metaspace       used 34797K, capacity 35176K, committed 35496K, reserved 1079296K
  class space    used 4882K, capacity 5067K, committed 5168K, reserved 1048576K
Event: 5.430 GC heap after
Heap after GC invocations=10 (full 1):
 PSYoungGen      total 143872K, used 9197K [0x00000000eab00000, 0x00000000f5300000, 0x0000000100000000)
  eden space 134656K, 0% used [0x00000000eab00000,0x00000000eab00000,0x00000000f2e80000)
  from space 9216K, 99% used [0x00000000f2e80000,0x00000000f377b738,0x00000000f3780000)
  to   space 12288K, 0% used [0x00000000f4700000,0x00000000f4700000,0x00000000f5300000)
 ParOldGen       total 31744K, used 18884K [0x00000000c0000000, 0x00000000c1f00000, 0x00000000eab00000)
  object space 31744K, 59% used [0x00000000c0000000,0x00000000c1271130,0x00000000c1f00000)
 Metaspace       used 34797K, capacity 35176K, committed 35496K, reserved 1079296K
  class space    used 4882K, capacity 5067K, committed 5168K, reserved 1048576K
}
Event: 5.430 GC heap before
{Heap before GC invocations=11 (full 2):
 PSYoungGen      total 143872K, used 9197K [0x00000000eab00000, 0x00000000f5300000, 0x0000000100000000)
  eden space 134656K, 0% used [0x00000000eab00000,0x00000000eab00000,0x00000000f2e80000)
  from space 9216K, 99% used [0x00000000f2e80000,0x00000000f377b738,0x00000000f3780000)
  to   space 12288K, 0% used [0x00000000f4700000,0x00000000f4700000,0x00000000f5300000)
 ParOldGen       total 31744K, used 18884K [0x00000000c0000000, 0x00000000c1f00000, 0x00000000eab00000)
  object space 31744K, 59% used [0x00000000c0000000,0x00000000c1271130,0x00000000c1f00000)
 Metaspace       used 34797K, capacity 35176K, committed 35496K, reserved 1079296K
  class space    used 4882K, capacity 5067K, committed 5168K, reserved 1048576K
Event: 5.521 GC heap after
Heap after GC invocations=11 (full 2):
 PSYoungGen      total 143872K, used 0K [0x00000000eab00000, 0x00000000f5300000, 0x0000000100000000)
  eden space 134656K, 0% used [0x00000000eab00000,0x00000000eab00000,0x00000000f2e80000)
  from space 9216K, 0% used [0x00000000f2e80000,0x00000000f2e80000,0x00000000f3780000)
  to   space 12288K, 0% used [0x00000000f4700000,0x00000000f4700000,0x00000000f5300000)
 ParOldGen       total 45056K, used 19701K [0x00000000c0000000, 0x00000000c2c00000, 0x00000000eab00000)
  object space 45056K, 43% used [0x00000000c0000000,0x00000000c133d560,0x00000000c2c00000)
 Metaspace       used 34797K, capacity 35176K, committed 35496K, reserved 1079296K
  class space    used 4882K, capacity 5067K, committed 5168K, reserved 1048576K
}
Event: 7.750 GC heap before
{Heap before GC invocations=12 (full 2):
 PSYoungGen      total 143872K, used 134656K [0x00000000eab00000, 0x00000000f5300000, 0x0000000100000000)
  eden space 134656K, 100% used [0x00000000eab00000,0x00000000f2e80000,0x00000000f2e80000)
  from space 9216K, 0% used [0x00000000f2e80000,0x00000000f2e80000,0x00000000f3780000)
  to   space 12288K, 0% used [0x00000000f4700000,0x00000000f4700000,0x00000000f5300000)
 ParOldGen       total 45056K, used 19701K [0x00000000c0000000, 0x00000000c2c00000, 0x00000000eab00000)
  object space 45056K, 43% used [0x00000000c0000000,0x00000000c133d560,0x00000000c2c00000)
 Metaspace       used 42677K, capacity 43404K, committed 43824K, reserved 1087488K
  class space    used 6073K, capacity 6337K, committed 6448K, reserved 1048576K
Event: 7.768 GC heap after
Heap after GC invocations=12 (full 2):
 PSYoungGen      total 158208K, used 10749K [0x00000000eab00000, 0x00000000f6400000, 0x0000000100000000)
  eden space 145920K, 0% used [0x00000000eab00000,0x00000000eab00000,0x00000000f3980000)
  from space 12288K, 87% used [0x00000000f4700000,0x00000000f517f4c0,0x00000000f5300000)
  to   space 13824K, 0% used [0x00000000f3980000,0x00000000f3980000,0x00000000f4700000)
 ParOldGen       total 45056K, used 19781K [0x00000000c0000000, 0x00000000c2c00000, 0x00000000eab00000)
  object space 45056K, 43% used [0x00000000c0000000,0x00000000c1351570,0x00000000c2c00000)
 Metaspace       used 42677K, capacity 43404K, committed 43824K, reserved 1087488K
  class space    used 6073K, capacity 6337K, committed 6448K, reserved 1048576K
}
Event: 29.404 GC heap before
{Heap before GC invocations=13 (full 2):
 PSYoungGen      total 158208K, used 156669K [0x00000000eab00000, 0x00000000f6400000, 0x0000000100000000)
  eden space 145920K, 100% used [0x00000000eab00000,0x00000000f3980000,0x00000000f3980000)
  from space 12288K, 87% used [0x00000000f4700000,0x00000000f517f4c0,0x00000000f5300000)
  to   space 13824K, 0% used [0x00000000f3980000,0x00000000f3980000,0x00000000f4700000)
 ParOldGen       total 45056K, used 19781K [0x00000000c0000000, 0x00000000c2c00000, 0x00000000eab00000)
  object space 45056K, 43% used [0x00000000c0000000,0x00000000c1351570,0x00000000c2c00000)
 Metaspace       used 46778K, capacity 47446K, committed 47920K, reserved 1089536K
  class space    used 6662K, capacity 6890K, committed 6960K, reserved 1048576K

Deoptimization events (10 events):
Event: 20.510 Thread 0x00007ff258008000 Uncommon trap: reason=class_check action=maybe_recompile pc=0x00007ff2a9cd2d64 method=org.gradle.api.internal.file.RelativePathSpec.isSatisfiedBy(Ljava/lang/Object;)Z @ 2
Event: 20.514 Thread 0x00007ff258008000 Uncommon trap: reason=class_check action=maybe_recompile pc=0x00007ff2a9cd2d64 method=org.gradle.api.internal.file.RelativePathSpec.isSatisfiedBy(Ljava/lang/Object;)Z @ 2
Event: 21.038 Thread 0x00007ff258008000 Uncommon trap: reason=class_check action=maybe_recompile pc=0x00007ff2a9cd2d64 method=org.gradle.api.internal.file.RelativePathSpec.isSatisfiedBy(Ljava/lang/Object;)Z @ 2
Event: 21.038 Thread 0x00007ff258008000 Uncommon trap: reason=class_check action=maybe_recompile pc=0x00007ff2a9cd2d64 method=org.gradle.api.internal.file.RelativePathSpec.isSatisfiedBy(Ljava/lang/Object;)Z @ 2
Event: 23.799 Thread 0x00007ff25447a000 Uncommon trap: reason=null_check action=make_not_entrant pc=0x00007ff2a9cc2a94 method=sun.nio.fs.NativeBuffers.getNativeBufferFromCache(I)Lsun/nio/fs/NativeBuffer; @ 6
Event: 23.832 Thread 0x00007ff25447a000 Uncommon trap: reason=class_check action=maybe_recompile pc=0x00007ff2a9cc83a0 method=org.gradle.api.internal.file.collections.jdk7.Jdk7DirectoryWalker.isAllowed(Lorg/gradle/api/file/FileTreeElement;Lorg/gradle/api/specs/Spec;)Z @ 2
Event: 23.866 Thread 0x00007ff25447a000 Uncommon trap: reason=array_check action=maybe_recompile pc=0x00007ff2a98d1f5c method=java.util.TimSort.binarySort([Ljava/lang/Object;IIILjava/util/Comparator;)V @ 215
Event: 26.867 Thread 0x00007ff25447a000 Uncommon trap: reason=array_check action=maybe_recompile pc=0x00007ff2a98d2130 method=java.util.TimSort.binarySort([Ljava/lang/Object;IIILjava/util/Comparator;)V @ 183
Event: 27.927 Thread 0x00007ff25447a000 Uncommon trap: reason=array_check action=maybe_recompile pc=0x00007ff2a98d2044 method=java.util.TimSort.binarySort([Ljava/lang/Object;IIILjava/util/Comparator;)V @ 193
Event: 29.389 Thread 0x00007ff25447a000 Uncommon trap: reason=class_check action=maybe_recompile pc=0x00007ff2a9d24b50 method=com.google.common.collect.AbstractMapBasedMultimap$WrappedCollection.refreshIfEmpty()V @ 59

Classes redefined (0 events):
No events

Internal exceptions (10 events):
Event: 13.640 Thread 0x00007ff258008000 Exception <a 'java/lang/ClassNotFoundException': org/gradle/api/internal/component/DefaultSoftwareComponentContainerCustomizer> (0x00000000f07e5d68) thrown at [/build/openjdk-8-RKFhH1/openjdk-8-8u292-b10/src/hotspot/src/share/vm/classfile/systemDictionary
Event: 13.641 Thread 0x00007ff258008000 Exception <a 'java/lang/ClassNotFoundException': org/gradle/api/internal/component/DefaultSoftwareComponentContainer_DecoratedCustomizer> (0x00000000f0813d18) thrown at [/build/openjdk-8-RKFhH1/openjdk-8-8u292-b10/src/hotspot/src/share/vm/classfile/system
Event: 13.658 Thread 0x00007ff258008000 Exception <a 'java/lang/ClassNotFoundException': org/gradle/api/publish/maven/internal/publication/DefaultMavenPublication_DecoratedBeanInfo> (0x00000000f08dc818) thrown at [/build/openjdk-8-RKFhH1/openjdk-8-8u292-b10/src/hotspot/src/share/vm/classfile/sy
Event: 13.659 Thread 0x00007ff258008000 Exception <a 'java/lang/ClassNotFoundException': org/gradle/api/publish/maven/internal/publication/DefaultMavenPublicationBeanInfo> (0x00000000f09154c0) thrown at [/build/openjdk-8-RKFhH1/openjdk-8-8u292-b10/src/hotspot/src/share/vm/classfile/systemDictio
Event: 13.660 Thread 0x00007ff258008000 Exception <a 'java/lang/ClassNotFoundException': org/gradle/api/publish/maven/internal/publication/DefaultMavenPublicationCustomizer> (0x00000000f09500a0) thrown at [/build/openjdk-8-RKFhH1/openjdk-8-8u292-b10/src/hotspot/src/share/vm/classfile/systemDict
Event: 13.713 Thread 0x00007ff258008000 Exception <a 'java/lang/ClassNotFoundException': org/gradle/api/publish/maven/internal/publication/DefaultMavenPublication_DecoratedCustomizer> (0x00000000f0a04470) thrown at [/build/openjdk-8-RKFhH1/openjdk-8-8u292-b10/src/hotspot/src/share/vm/classfile/
Event: 17.654 Thread 0x00007ff254cf6800 Exception <a 'java/io/IOException'> (0x00000000ef703208) thrown at [/build/openjdk-8-RKFhH1/openjdk-8-8u292-b10/src/hotspot/src/share/vm/prims/jni.cpp, line 711]
Event: 22.656 Thread 0x00007ff254cf6800 Exception <a 'java/io/IOException'> (0x00000000ef719748) thrown at [/build/openjdk-8-RKFhH1/openjdk-8-8u292-b10/src/hotspot/src/share/vm/prims/jni.cpp, line 711]
Event: 23.796 Thread 0x00007ff25447a000 Implicit null exception at 0x00007ff2a9cc251c to 0x00007ff2a9cc2a79
Event: 27.907 Thread 0x00007ff254cf6800 Exception <a 'java/io/IOException'> (0x00000000ef72bc68) thrown at [/build/openjdk-8-RKFhH1/openjdk-8-8u292-b10/src/hotspot/src/share/vm/prims/jni.cpp, line 711]

Events (10 events):
Event: 29.401 loading class org/gradle/api/publish/maven/internal/publisher/AbstractMavenPublisher done
Event: 29.402 loading class org/gradle/api/publish/maven/internal/publisher/StaticLockingMavenPublisher
Event: 29.402 loading class org/gradle/api/publish/maven/internal/publisher/StaticLockingMavenPublisher done
Event: 29.402 loading class org/gradle/api/publish/maven/internal/publisher/ValidatingMavenPublisher
Event: 29.402 loading class org/gradle/api/publish/maven/internal/publisher/ValidatingMavenPublisher done
Event: 29.402 loading class org/codehaus/plexus/util/xml/pull/XmlPullParserException
Event: 29.402 loading class org/codehaus/plexus/util/xml/pull/XmlPullParserException done
Event: 29.403 loading class org/gradle/api/publish/maven/InvalidMavenPublicationException
Event: 29.403 loading class org/gradle/api/publish/maven/InvalidMavenPublicationException done
Event: 29.403 Executing VM operation: ParallelGCFailedAllocation


Dynamic libraries:
c0000000-c2c00000 rw-p 00000000 00:00 0 
c2c00000-eab00000 ---p 00000000 00:00 0 
eab00000-f6400000 rw-p 00000000 00:00 0 
f8380000-100000000 ---p 00000000 00:00 0 
100000000-1006cc000 rw-p 00000000 00:00 0 
1006cc000-140000000 ---p 00000000 00:00 0 
564ed2de3000-564ed2de4000 r-xp 00000000 08:01 1862086                    /usr/lib/jvm/java-8-openjdk-amd64/jre/bin/java
564ed2fe3000-564ed2fe4000 r--p 00000000 08:01 1862086                    /usr/lib/jvm/java-8-openjdk-amd64/jre/bin/java
564ed2fe4000-564ed2fe5000 rw-p 00001000 08:01 1862086                    /usr/lib/jvm/java-8-openjdk-amd64/jre/bin/java
564ed4bc4000-564ed4be5000 rw-p 00000000 00:00 0                          [heap]
7ff220000000-7ff220021000 rw-p 00000000 00:00 0 
7ff220021000-7ff224000000 ---p 00000000 00:00 0 
7ff228000000-7ff228021000 rw-p 00000000 00:00 0 
7ff228021000-7ff22c000000 ---p 00000000 00:00 0 
7ff22c000000-7ff22c021000 rw-p 00000000 00:00 0 
7ff22c021000-7ff230000000 ---p 00000000 00:00 0 
7ff230000000-7ff230021000 rw-p 00000000 00:00 0 
7ff230021000-7ff234000000 ---p 00000000 00:00 0 
7ff234000000-7ff234026000 rw-p 00000000 00:00 0 
7ff234026000-7ff238000000 ---p 00000000 00:00 0 
7ff238000000-7ff238021000 rw-p 00000000 00:00 0 
7ff238021000-7ff23c000000 ---p 00000000 00:00 0 
7ff23c000000-7ff23c0a5000 rw-p 00000000 00:00 0 
7ff23c0a5000-7ff240000000 ---p 00000000 00:00 0 
7ff240000000-7ff240024000 rw-p 00000000 00:00 0 
7ff240024000-7ff244000000 ---p 00000000 00:00 0 
7ff244000000-7ff244021000 rw-p 00000000 00:00 0 
7ff244021000-7ff248000000 ---p 00000000 00:00 0 
7ff248000000-7ff248021000 rw-p 00000000 00:00 0 
7ff248021000-7ff24c000000 ---p 00000000 00:00 0 
7ff24c000000-7ff24c021000 rw-p 00000000 00:00 0 
7ff24c021000-7ff250000000 ---p 00000000 00:00 0 
7ff250000000-7ff250021000 rw-p 00000000 00:00 0 
7ff250021000-7ff254000000 ---p 00000000 00:00 0 
7ff254000000-7ff254d55000 rw-p 00000000 00:00 0 
7ff254d55000-7ff258000000 ---p 00000000 00:00 0 
7ff258000000-7ff258021000 rw-p 00000000 00:00 0 
7ff258021000-7ff25c000000 ---p 00000000 00:00 0 
7ff25c000000-7ff25c021000 rw-p 00000000 00:00 0 
7ff25c021000-7ff260000000 ---p 00000000 00:00 0 
7ff260000000-7ff260068000 rw-p 00000000 00:00 0 
7ff260068000-7ff264000000 ---p 00000000 00:00 0 
7ff264000000-7ff264021000 rw-p 00000000 00:00 0 
7ff264021000-7ff268000000 ---p 00000000 00:00 0 
7ff268000000-7ff268021000 rw-p 00000000 00:00 0 
7ff268021000-7ff26c000000 ---p 00000000 00:00 0 
7ff26c000000-7ff26c021000 rw-p 00000000 00:00 0 
7ff26c021000-7ff270000000 ---p 00000000 00:00 0 
7ff270000000-7ff2716a5000 rw-p 00000000 00:00 0 
7ff2716a5000-7ff274000000 ---p 00000000 00:00 0 
7ff274000000-7ff274763000 rw-p 00000000 00:00 0 
7ff274763000-7ff278000000 ---p 00000000 00:00 0 
7ff278000000-7ff278021000 rw-p 00000000 00:00 0 
7ff278021000-7ff27c000000 ---p 00000000 00:00 0 
7ff27c000000-7ff27d71c000 rw-p 00000000 00:00 0 
7ff27d71c000-7ff280000000 ---p 00000000 00:00 0 
7ff280000000-7ff280021000 rw-p 00000000 00:00 0 
7ff280021000-7ff284000000 ---p 00000000 00:00 0 
7ff284000000-7ff284021000 rw-p 00000000 00:00 0 
7ff284021000-7ff288000000 ---p 00000000 00:00 0 
7ff288000000-7ff288021000 rw-p 00000000 00:00 0 
7ff288021000-7ff28c000000 ---p 00000000 00:00 0 
7ff28c000000-7ff28c089000 rw-p 00000000 00:00 0 
7ff28c089000-7ff290000000 ---p 00000000 00:00 0 
7ff290000000-7ff290021000 rw-p 00000000 00:00 0 
7ff290021000-7ff294000000 ---p 00000000 00:00 0 
7ff2971f6000-7ff2971f9000 ---p 00000000 00:00 0 
7ff2971f9000-7ff2972f7000 rw-p 00000000 00:00 0 
7ff2972f7000-7ff2972fa000 ---p 00000000 00:00 0 
7ff2972fa000-7ff2973f8000 rw-p 00000000 00:00 0 
7ff2973f8000-7ff2973fb000 ---p 00000000 00:00 0 
7ff2973fb000-7ff2974f9000 rw-p 00000000 00:00 0 
7ff2974f9000-7ff2974fc000 ---p 00000000 00:00 0 
7ff2974fc000-7ff2975fa000 rw-p 00000000 00:00 0 
7ff2975fa000-7ff2975fd000 ---p 00000000 00:00 0 
7ff2975fd000-7ff2976fb000 rw-p 00000000 00:00 0 
7ff2976fb000-7ff2976fe000 ---p 00000000 00:00 0 
7ff2976fe000-7ff2977fc000 rw-p 00000000 00:00 0 
7ff2977fc000-7ff2977ff000 ---p 00000000 00:00 0 
7ff2977ff000-7ff2978fd000 rw-p 00000000 00:00 0 
7ff2978fd000-7ff297900000 ---p 00000000 00:00 0 
7ff297900000-7ff297bfe000 rw-p 00000000 00:00 0 
7ff297bfe000-7ff297dfe000 rw-p 00000000 00:00 0 
7ff297dfe000-7ff297e01000 ---p 00000000 00:00 0 
7ff297e01000-7ff297eff000 rw-p 00000000 00:00 0 
7ff297eff000-7ff297f02000 ---p 00000000 00:00 0 
7ff297f02000-7ff298000000 rw-p 00000000 00:00 0 
7ff298000000-7ff298041000 rw-p 00000000 00:00 0 
7ff298041000-7ff29c000000 ---p 00000000 00:00 0 
7ff29c040000-7ff29c043000 ---p 00000000 00:00 0 
7ff29c043000-7ff29c341000 rw-p 00000000 00:00 0 
7ff29c341000-7ff29c541000 rw-p 00000000 00:00 0 
7ff29c541000-7ff29c544000 ---p 00000000 00:00 0 
7ff29c544000-7ff29c842000 rw-p 00000000 00:00 0 
7ff29c842000-7ff29c845000 ---p 00000000 00:00 0 
7ff29c845000-7ff29cb43000 rw-p 00000000 00:00 0 
7ff29cb43000-7ff29cb46000 ---p 00000000 00:00 0 
7ff29cb46000-7ff29cc44000 rw-p 00000000 00:00 0 
7ff29cc44000-7ff29cc47000 ---p 00000000 00:00 0 
7ff29cc47000-7ff29cf45000 rw-p 00000000 00:00 0 
7ff29cf45000-7ff29cf5c000 r-xp 00000000 08:01 2627204                    /lib/x86_64-linux-gnu/libresolv-2.23.so
7ff29cf5c000-7ff29d15c000 ---p 00017000 08:01 2627204                    /lib/x86_64-linux-gnu/libresolv-2.23.so
7ff29d15c000-7ff29d15d000 r--p 00017000 08:01 2627204                    /lib/x86_64-linux-gnu/libresolv-2.23.so
7ff29d15d000-7ff29d15e000 rw-p 00018000 08:01 2627204                    /lib/x86_64-linux-gnu/libresolv-2.23.so
7ff29d15e000-7ff29d160000 rw-p 00000000 00:00 0 
7ff29d160000-7ff29d165000 r-xp 00000000 08:01 2627149                    /lib/x86_64-linux-gnu/libnss_dns-2.23.so
7ff29d165000-7ff29d365000 ---p 00005000 08:01 2627149                    /lib/x86_64-linux-gnu/libnss_dns-2.23.so
7ff29d365000-7ff29d366000 r--p 00005000 08:01 2627149                    /lib/x86_64-linux-gnu/libnss_dns-2.23.so
7ff29d366000-7ff29d367000 rw-p 00006000 08:01 2627149                    /lib/x86_64-linux-gnu/libnss_dns-2.23.so
7ff29d367000-7ff29d369000 r-xp 00000000 08:01 2627157                    /lib/x86_64-linux-gnu/libnss_mdns4_minimal.so.2
7ff29d369000-7ff29d568000 ---p 00002000 08:01 2627157                    /lib/x86_64-linux-gnu/libnss_mdns4_minimal.so.2
7ff29d568000-7ff29d569000 r--p 00001000 08:01 2627157                    /lib/x86_64-linux-gnu/libnss_mdns4_minimal.so.2
7ff29d569000-7ff29d56a000 rw-p 00002000 08:01 2627157                    /lib/x86_64-linux-gnu/libnss_mdns4_minimal.so.2
7ff29d56a000-7ff29d76a000 rw-p 00000000 00:00 0 
7ff29d76a000-7ff29d792000 r-xp 00000000 08:01 1862030                    /usr/lib/jvm/java-8-openjdk-amd64/jre/lib/amd64/libsunec.so
7ff29d792000-7ff29d992000 ---p 00028000 08:01 1862030                    /usr/lib/jvm/java-8-openjdk-amd64/jre/lib/amd64/libsunec.so
7ff29d992000-7ff29d996000 r--p 00028000 08:01 1862030                    /usr/lib/jvm/java-8-openjdk-amd64/jre/lib/amd64/libsunec.so
7ff29d996000-7ff29d997000 rw-p 0002c000 08:01 1862030                    /usr/lib/jvm/java-8-openjdk-amd64/jre/lib/amd64/libsunec.so
7ff29d997000-7ff29db97000 rw-p 00000000 00:00 0 
7ff29db97000-7ff29dd97000 rw-p 00000000 00:00 0 
7ff29dd97000-7ff29df97000 rw-p 00000000 00:00 0 
7ff29df97000-7ff29e197000 rw-p 00000000 00:00 0 
7ff29e197000-7ff29e397000 rw-p 00000000 00:00 0 
7ff29e397000-7ff29e39a000 ---p 00000000 00:00 0 
7ff29e39a000-7ff29e498000 rw-p 00000000 00:00 0 
7ff29e565000-7ff29e567000 r--s 0000d000 08:01 1048932                    /home/test/.gradle/caches/modules-2/files-2.1/org.ros.rosjava_bootstrap/gradle_plugins/0.3.3/bec608dad46e6910fe39e97d8d5af0daf0902fc2/gradle_plugins-0.3.3.jar
7ff29e567000-7ff29e57a000 r--s 0034b000 08:01 1862051                    /usr/lib/jvm/java-8-openjdk-amd64/jre/lib/resources.jar
7ff29e57a000-7ff29e57c000 r--s 00016000 08:01 1861960                    /usr/lib/jvm/java-8-openjdk-amd64/jre/lib/jce.jar
7ff29e57c000-7ff29e5f6000 r--s 01106000 08:01 1862182                    /usr/lib/jvm/java-8-openjdk-amd64/lib/tools.jar
7ff29e5f6000-7ff29e5f9000 ---p 00000000 00:00 0 
7ff29e5f9000-7ff29e8f7000 rw-p 00000000 00:00 0 
7ff29e8f7000-7ff29e8fa000 ---p 00000000 00:00 0 
7ff29e8fa000-7ff29e9f8000 rw-p 00000000 00:00 0 
7ff29e9f8000-7ff29e9fb000 ---p 00000000 00:00 0 
7ff29e9fb000-7ff29ecf9000 rw-p 00000000 00:00 0 
7ff29ecf9000-7ff29ecfc000 ---p 00000000 00:00 0 
7ff29ecfc000-7ff29edfa000 rw-p 00000000 00:00 0 
7ff29edfa000-7ff29edfd000 ---p 00000000 00:00 0 
7ff29edfd000-7ff29eefb000 rw-p 00000000 00:00 0 
7ff29eefb000-7ff29eefe000 ---p 00000000 00:00 0 
7ff29eefe000-7ff29effc000 rw-p 00000000 00:00 0 
7ff29effc000-7ff29efff000 ---p 00000000 00:00 0 
7ff29efff000-7ff29f0fd000 rw-p 00000000 00:00 0 
7ff29f0fd000-7ff29f100000 ---p 00000000 00:00 0 
7ff29f100000-7ff29f1fe000 rw-p 00000000 00:00 0 
7ff29f1fe000-7ff29f201000 ---p 00000000 00:00 0 
7ff29f201000-7ff29f2ff000 rw-p 00000000 00:00 0 
7ff29f2ff000-7ff29f302000 ---p 00000000 00:00 0 
7ff29f302000-7ff29f400000 rw-p 00000000 00:00 0 
7ff29f400000-7ff29f407000 r--s 00000000 08:01 2099088                    /usr/lib/x86_64-linux-gnu/gconv/gconv-modules.cache
7ff29f407000-7ff29f40a000 ---p 00000000 00:00 0 
7ff29f40a000-7ff29f508000 rw-p 00000000 00:00 0 
7ff29f508000-7ff29f519000 r--s 001bf000 08:01 1861970                    /usr/lib/jvm/java-8-openjdk-amd64/jre/lib/jsse.jar
7ff29f519000-7ff29f719000 rw-p 00000000 00:00 0 
7ff29f719000-7ff29f722000 r-xp 00000000 08:01 1862014                    /usr/lib/jvm/java-8-openjdk-amd64/jre/lib/amd64/libmanagement.so
7ff29f722000-7ff29f921000 ---p 00009000 08:01 1862014                    /usr/lib/jvm/java-8-openjdk-amd64/jre/lib/amd64/libmanagement.so
7ff29f921000-7ff29f922000 r--p 00008000 08:01 1862014                    /usr/lib/jvm/java-8-openjdk-amd64/jre/lib/amd64/libmanagement.so
7ff29f922000-7ff29f923000 rw-p 00009000 08:01 1862014                    /usr/lib/jvm/java-8-openjdk-amd64/jre/lib/amd64/libmanagement.so
7ff29f923000-7ff29f925000 r--s 00009000 08:01 1195357                    /home/test/.gradle/wrapper/dists/gradle-4.10.2-bin/cghg6c4gf4vkiutgsab8yrnwv/gradle-4.10.2/lib/plugins/gradle-tooling-api-builders-4.10.2.jar
7ff29f925000-7ff29f927000 r--s 00003000 08:01 1195340                    /home/test/.gradle/wrapper/dists/gradle-4.10.2-bin/cghg6c4gf4vkiutgsab8yrnwv/gradle-4.10.2/lib/plugins/gradle-tooling-native-4.10.2.jar
7ff29f927000-7ff29f92b000 r--s 00019000 08:01 1195342                    /home/test/.gradle/wrapper/dists/gradle-4.10.2-bin/cghg6c4gf4vkiutgsab8yrnwv/gradle-4.10.2/lib/plugins/gradle-testing-native-4.10.2.jar
7ff29f92b000-7ff29f92d000 r--s 0000d000 08:01 1195450                    /home/test/.gradle/wrapper/dists/gradle-4.10.2-bin/cghg6c4gf4vkiutgsab8yrnwv/gradle-4.10.2/lib/plugins/jcommander-1.47.jar
7ff29f92d000-7ff29f936000 r--s 00089000 08:01 1195413                    /home/test/.gradle/wrapper/dists/gradle-4.10.2-bin/cghg6c4gf4vkiutgsab8yrnwv/gradle-4.10.2/lib/plugins/testng-6.3.1.jar
7ff29f936000-7ff29f93b000 r--s 0005a000 08:01 1195417                    /home/test/.gradle/wrapper/dists/gradle-4.10.2-bin/cghg6c4gf4vkiutgsab8yrnwv/gradle-4.10.2/lib/plugins/bsh-2.0b6.jar
7ff29f93b000-7ff29f93f000 r--s 0001c000 08:01 1195362                    /home/test/.gradle/wrapper/dists/gradle-4.10.2-bin/cghg6c4gf4vkiutgsab8yrnwv/gradle-4.10.2/lib/plugins/gradle-testing-jvm-4.10.2.jar
7ff29f93f000-7ff29f941000 r--s 0000e000 08:01 1195448                    /home/test/.gradle/wrapper/dists/gradle-4.10.2-bin/cghg6c4gf4vkiutgsab8yrnwv/gradle-4.10.2/lib/plugins/junit-platform-commons-1.0.3.jar
7ff29f941000-7ff29f942000 r--s 00001000 08:01 1195453                    /home/test/.gradle/wrapper/dists/gradle-4.10.2-bin/cghg6c4gf4vkiutgsab8yrnwv/gradle-4.10.2/lib/plugins/opentest4j-1.0.0.jar
7ff29f942000-7ff29f945000 r--s 00013000 08:01 1195447                    /home/test/.gradle/wrapper/dists/gradle-4.10.2-bin/cghg6c4gf4vkiutgsab8yrnwv/gradle-4.10.2/lib/plugins/junit-platform-engine-1.0.3.jar
7ff29f945000-7ff29f946000 r--s 00000000 08:01 1195449                    /home/test/.gradle/wrapper/dists/gradle-4.10.2-bin/cghg6c4gf4vkiutgsab8yrnwv/gradle-4.10.2/lib/plugins/apiguardian-api-1.0.0.jar
7ff29f946000-7ff29f948000 r--s 0000c000 08:01 1195418                    /home/test/.gradle/wrapper/dists/gradle-4.10.2-bin/cghg6c4gf4vkiutgsab8yrnwv/gradle-4.10.2/lib/plugins/junit-platform-launcher-1.0.3.jar
7ff29f948000-7ff29f949000 r--s 00003000 08:01 1195361                    /home/test/.gradle/wrapper/dists/gradle-4.10.2-bin/cghg6c4gf4vkiutgsab8yrnwv/gradle-4.10.2/lib/plugins/gradle-testing-junit-platform-4.10.2.jar
7ff29f949000-7ff29f951000 r--s 00034000 08:01 1195369                    /home/test/.gradle/wrapper/dists/gradle-4.10.2-bin/cghg6c4gf4vkiutgsab8yrnwv/gradle-4.10.2/lib/plugins/gradle-testing-base-4.10.2.jar
7ff29f951000-7ff29f958000 r--s 00043000 08:01 1195408                    /home/test/.gradle/wrapper/dists/gradle-4.10.2-bin/cghg6c4gf4vkiutgsab8yrnwv/gradle-4.10.2/lib/plugins/bcpg-jdk15on-1.58.jar
7ff29f958000-7ff29f95b000 r--s 00010000 08:01 1195339                    /home/test/.gradle/wrapper/dists/gradle-4.10.2-bin/cghg6c4gf4vkiutgsab8yrnwv/gradle-4.10.2/lib/plugins/gradle-signing-4.10.2.jar
7ff29f95b000-7ff29f95d000 r--s 00009000 08:01 1195348                    /home/test/.gradle/wrapper/dists/gradle-4.10.2-bin/cghg6c4gf4vkiutgsab8yrnwv/gradle-4.10.2/lib/plugins/gradle-scala-4.10.2.jar
7ff29f95d000-7ff29f95e000 r--s 00004000 08:01 1195380                    /home/test/.gradle/wrapper/dists/gradle-4.10.2-bin/cghg6c4gf4vkiutgsab8yrnwv/gradle-4.10.2/lib/plugins/gradle-resources-sftp-4.10.2.jar
7ff29f95e000-7ff29f967000 r--s 0005a000 08:01 1195383                    /home/test/.gradle/wrapper/dists/gradle-4.10.2-bin/cghg6c4gf4vkiutgsab8yrnwv/gradle-4.10.2/lib/plugins/aws-java-sdk-kms-1.11.267.jar
7ff29f967000-7ff29f969000 r--s 00005000 08:01 1195423                    /home/test/.gradle/wrapper/dists/gradle-4.10.2-bin/cghg6c4gf4vkiutgsab8yrnwv/gradle-4.10.2/lib/plugins/jmespath-java-1.11.267.jar
7ff29f969000-7ff29f97b000 r--s 000bb000 08:01 1195382                    /home/test/.gradle/wrapper/dists/gradle-4.10.2-bin/cghg6c4gf4vkiutgsab8yrnwv/gradle-4.10.2/lib/plugins/aws-java-sdk-s3-1.11.267.jar
7ff29f97b000-7ff29f985000 r--s 00081000 08:01 1195444                    /home/test/.gradle/wrapper/dists/gradle-4.10.2-bin/cghg6c4gf4vkiutgsab8yrnwv/gradle-4.10.2/lib/plugins/ion-java-1.0.2.jar
7ff29f985000-7ff29f99a000 r--s 000bd000 08:01 1195384                    /home/test/.gradle/wrapper/dists/gradle-4.10.2-bin/cghg6c4gf4vkiutgsab8yrnwv/gradle-4.10.2/lib/plugins/aws-java-sdk-core-1.11.267.jar
7ff29f99a000-7ff29f99c000 r--s 00004000 08:01 1195376                    /home/test/.gradle/wrapper/dists/gradle-4.10.2-bin/cghg6c4gf4vkiutgsab8yrnwv/gradle-4.10.2/lib/plugins/gradle-resources-s3-4.10.2.jar
7ff29f99c000-7ff29f9ac000 r--s 00088000 08:01 1195427                    /home/test/.gradle/wrapper/dists/gradle-4.10.2-bin/cghg6c4gf4vkiutgsab8yrnwv/gradle-4.10.2/lib/plugins/joda-time-2.8.2.jar
7ff29f9ac000-7ff29f9bf000 r--s 00136000 08:01 1195424                    /home/test/.gradle/wrapper/dists/gradle-4.10.2-bin/cghg6c4gf4vkiutgsab8yrnwv/gradle-4.10.2/lib/plugins/jackson-databind-2.9.4.jar
7ff29f9bf000-7ff29f9c2000 r--s 0000e000 08:01 1195426                    /home/test/.gradle/wrapper/dists/gradle-4.10.2-bin/cghg6c4gf4vkiutgsab8yrnwv/gradle-4.10.2/lib/plugins/jackson-annotations-2.9.4.jar
7ff29f9c2000-7ff29f9c6000 r--s 0004b000 08:01 1195425                    /home/test/.gradle/wrapper/dists/gradle-4.10.2-bin/cghg6c4gf4vkiutgsab8yrnwv/gradle-4.10.2/lib/plugins/jackson-core-2.9.4.jar
7ff29f9c6000-7ff29f9c7000 r--s 00001000 08:01 1195391                    /home/test/.gradle/wrapper/dists/gradle-4.10.2-bin/cghg6c4gf4vkiutgsab8yrnwv/gradle-4.10.2/lib/plugins/google-http-client-jackson2-1.23.0.jar
7ff29f9c7000-7ff29f9d0000 r--s 0004f000 08:01 1195392                    /home/test/.gradle/wrapper/dists/gradle-4.10.2-bin/cghg6c4gf4vkiutgsab8yrnwv/gradle-4.10.2/lib/plugins/google-http-client-1.23.0.jar
7ff29f9d0000-7ff29f9d3000 r--s 0000d000 08:01 1195390                    /home/test/.gradle/wrapper/dists/gradle-4.10.2-bin/cghg6c4gf4vkiutgsab8yrnwv/gradle-4.10.2/lib/plugins/google-oauth-client-1.23.0.jar
7ff29f9d3000-7ff29f9d8000 r--s 0002c000 08:01 1195389                    /home/test/.gradle/wrapper/dists/gradle-4.10.2-bin/cghg6c4gf4vkiutgsab8yrnwv/gradle-4.10.2/lib/plugins/google-api-client-1.23.0.jar
7ff29f9d8000-7ff29f9dc000 r--s 0001c000 08:01 1195388                    /home/test/.gradle/wrapper/dists/gradle-4.10.2-bin/cghg6c4gf4vkiutgsab8yrnwv/gradle-4.10.2/lib/plugins/google-api-services-storage-v1-rev116-1.23.0.jar
7ff29f9dc000-7ff29f9de000 r--s 00003000 08:01 1195377                    /home/test/.gradle/wrapper/dists/gradle-4.10.2-bin/cghg6c4gf4vkiutgsab8yrnwv/gradle-4.10.2/lib/plugins/gradle-resources-gcs-4.10.2.jar
7ff29f9de000-7ff29f9e1000 r--s 0000f000 08:01 1195375                    /home/test/.gradle/wrapper/dists/gradle-4.10.2-bin/cghg6c4gf4vkiutgsab8yrnwv/gradle-4.10.2/lib/plugins/gradle-reporting-4.10.2.jar
7ff29f9e1000-7ff29f9e3000 r--s 00007000 08:01 1195368                    /home/test/.gradle/wrapper/dists/gradle-4.10.2-bin/cghg6c4gf4vkiutgsab8yrnwv/gradle-4.10.2/lib/plugins/gradle-publish-4.10.2.jar
7ff29f9e3000-7ff29f9e5000 r--s 00009000 08:01 1195399                    /home/test/.gradle/wrapper/dists/gradle-4.10.2-bin/cghg6c4gf4vkiutgsab8yrnwv/gradle-4.10.2/lib/plugins/commons-cli-1.2.jar
7ff29f9e5000-7ff29f9eb000 r--s 0003e000 08:01 1195356                    /home/test/.gradle/wrapper/dists/gradle-4.10.2-bin/cghg6c4gf4vkiutgsab8yrnwv/gradle-4.10.2/lib/plugins/gradle-plugins-4.10.2.jar
7ff29f9eb000-7ff29f9ed000 r--s 0000b000 08:01 1195344                    /home/test/.gradle/wrapper/dists/gradle-4.10.2-bin/cghg6c4gf4vkiutgsab8yrnwv/gradle-4.10.2/lib/plugins/gradle-plugin-development-4.10.2.jar
7ff29f9ed000-7ff29f9f3000 r--s 00030000 08:01 1195351                    /home/test/.gradle/wrapper/dists/gradle-4.10.2-bin/cghg6c4gf4vkiutgsab8yrnwv/gradle-4.10.2/lib/plugins/gradle-platform-play-4.10.2.jar
7ff29f9f3000-7ff29f9f9000 r--s 00033000 08:01 1195414                    /home/test/.gradle/wrapper/dists/gradle-4.10.2-bin/cghg6c4gf4vkiutgsab8yrnwv/gradle-4.10.2/lib/plugins/snakeyaml-1.6.jar
7ff29f9f9000-7ff29fa0a000 r--s 00075000 08:01 1195366                    /home/test/.gradle/wrapper/dists/gradle-4.10.2-bin/cghg6c4gf4vkiutgsab8yrnwv/gradle-4.10.2/lib/plugins/gradle-platform-native-4.10.2.jar
7ff29fa0a000-7ff29fa0e000 r--s 0001b000 08:01 1195365                    /home/test/.gradle/wrapper/dists/gradle-4.10.2-bin/cghg6c4gf4vkiutgsab8yrnwv/gradle-4.10.2/lib/plugins/gradle-platform-jvm-4.10.2.jar
7ff29fa0e000-7ff29fa15000 r--s 00029000 08:01 1195370                    /home/test/.gradle/wrapper/dists/gradle-4.10.2-bin/cghg6c4gf4vkiutgsab8yrnwv/gradle-4.10.2/lib/plugins/gradle-platform-base-4.10.2.jar
7ff29fa15000-7ff29fa40000 r--s 00247000 08:01 1195400                    /home/test/.gradle/wrapper/dists/gradle-4.10.2-bin/cghg6c4gf4vkiutgsab8yrnwv/gradle-4.10.2/lib/plugins/biz.aQute.bndlib-3.4.0.jar
7ff29fa40000-7ff29fa41000 r--s 00004000 08:01 1195338                    /home/test/.gradle/wrapper/dists/gradle-4.10.2-bin/cghg6c4gf4vkiutgsab8yrnwv/gradle-4.10.2/lib/plugins/gradle-osgi-4.10.2.jar
7ff29fa41000-7ff29fa44000 r--s 0000c000 08:01 1195405                    /home/test/.gradle/wrapper/dists/gradle-4.10.2-bin/cghg6c4gf4vkiutgsab8yrnwv/gradle-4.10.2/lib/plugins/pmaven-groovy-0.8-20100325.jar
7ff29fa44000-7ff29fa45000 r--s 00004000 08:01 1195404                    /home/test/.gradle/wrapper/dists/gradle-4.10.2-bin/cghg6c4gf4vkiutgsab8yrnwv/gradle-4.10.2/lib/plugins/pmaven-common-0.8-20100325.jar
7ff29fa45000-7ff29fa46000 r--s 00007000 08:01 1195387                    /home/test/.gradle/wrapper/dists/gradle-4.10.2-bin/cghg6c4gf4vkiutgsab8yrnwv/gradle-4.10.2/lib/plugins/wagon-http-shared4-2.4.jar
7ff29fa46000-7ff29fa47000 r--s 00002000 08:01 1195386                    /home/test/.gradle/wrapper/dists/gradle-4.10.2-bin/cghg6c4gf4vkiutgsab8yrnwv/gradle-4.10.2/lib/plugins/wagon-http-2.4.jar
7ff29fa47000-7ff29fa48000 r--s 00002000 08:01 1195406                    /home/test/.gradle/wrapper/dists/gradle-4.10.2-bin/cghg6c4gf4vkiutgsab8yrnwv/gradle-4.10.2/lib/plugins/wagon-file-2.4.jar
7ff29fa48000-7ff29fa4a000 r--s 00006000 08:01 1195407                    /home/test/.gradle/wrapper/dists/gradle-4.10.2-bin/cghg6c4gf4vkiutgsab8yrnwv/gradle-4.10.2/lib/plugins/aether-connector-wagon-1.13.1.jar
7ff29fa4a000-7ff29fa51000 r--s 0002d000 08:01 1195345                    /home/test/.gradle/wrapper/dists/gradle-4.10.2-bin/cghg6c4gf4vkiutgsab8yrnwv/gradle-4.10.2/lib/plugins/gradle-maven-4.10.2.jar
7ff29fa51000-7ff29fa54000 r--s 0000b000 08:01 1195360                    /home/test/.gradle/wrapper/dists/gradle-4.10.2-bin/cghg6c4gf4vkiutgsab8yrnwv/gradle-4.10.2/lib/plugins/gradle-language-scala-4.10.2.jar
7ff29fa54000-7ff29fa60000 r--s 0005d000 08:01 1195343                    /home/test/.gradle/wrapper/dists/gradle-4.10.2-bin/cghg6c4gf4vkiutgsab8yrnwv/gradle-4.10.2/lib/plugins/gradle-language-native-4.10.2.jar
7ff29fa60000-7ff29fa62000 r--s 00005000 08:01 1195364                    /home/test/.gradle/wrapper/dists/gradle-4.10.2-bin/cghg6c4gf4vkiutgsab8yrnwv/gradle-4.10.2/lib/plugins/gradle-language-jvm-4.10.2.jar
7ff29fa62000-7ff29fa6a000 r--s 0003e000 08:01 1195363                    /home/test/.gradle/wrapper/dists/gradle-4.10.2-bin/cghg6c4gf4vkiutgsab8yrnwv/gradle-4.10.2/lib/plugins/gradle-language-java-4.10.2.jar
7ff29fa6a000-7ff29fa6c000 r--s 0000b000 08:01 1195359                    /home/test/.gradle/wrapper/dists/gradle-4.10.2-bin/cghg6c4gf4vkiutgsab8yrnwv/gradle-4.10.2/lib/plugins/gradle-language-groovy-4.10.2.jar
7ff29fa6c000-7ff29fa73000 r--s 00035000 08:01 1195411                    /home/test/.gradle/wrapper/dists/gradle-4.10.2-bin/cghg6c4gf4vkiutgsab8yrnwv/gradle-4.10.2/lib/plugins/simple-4.1.21.jar
7ff29fa73000-7ff29fa7f000 r--s 00100000 08:01 1195409                    /home/test/.gradle/wrapper/dists/gradle-4.10.2-bin/cghg6c4gf4vkiutgsab8yrnwv/gradle-4.10.2/lib/plugins/rhino-1.7R3.jar
7ff29fa7f000-7ff29fa83000 r--s 00012000 08:01 1195352                    /home/test/.gradle/wrapper/dists/gradle-4.10.2-bin/cghg6c4gf4vkiutgsab8yrnwv/gradle-4.10.2/lib/plugins/gradle-javascript-4.10.2.jar
7ff29fa83000-7ff29fa87000 r--s 00010000 08:01 1195354                    /home/test/.gradle/wrapper/dists/gradle-4.10.2-bin/cghg6c4gf4vkiutgsab8yrnwv/gradle-4.10.2/lib/plugins/gradle-jacoco-4.10.2.jar
7ff29fa87000-7ff29fa8a000 r--s 00013000 08:01 1195353                    /home/test/.gradle/wrapper/dists/gradle-4.10.2-bin/cghg6c4gf4vkiutgsab8yrnwv/gradle-4.10.2/lib/plugins/gradle-ivy-4.10.2.jar
7ff29fa8a000-7ff29fa8b000 r--s 00002000 08:01 1195346                    /home/test/.gradle/wrapper/dists/gradle-4.10.2-bin/cghg6c4gf4vkiutgsab8yrnwv/gradle-4.10.2/lib/plugins/gradle-ide-play-4.10.2.jar
7ff29fa8b000-7ff29fa8c000 r--s 00011000 08:01 1195415                    /home/test/.gradle/wrapper/dists/gradle-4.10.2-bin/cghg6c4gf4vkiutgsab8yrnwv/gradle-4.10.2/lib/plugins/dd-plist-1.20.jar
7ff29fa8c000-7ff29fa93000 r--s 00032000 08:01 1195341                    /home/test/.gradle/wrapper/dists/gradle-4.10.2-bin/cghg6c4gf4vkiutgsab8yrnwv/gradle-4.10.2/lib/plugins/gradle-ide-native-4.10.2.jar
7ff29fa93000-7ff29fa9d000 r--s 0005c000 08:01 1195347                    /home/test/.gradle/wrapper/dists/gradle-4.10.2-bin/cghg6c4gf4vkiutgsab8yrnwv/gradle-4.10.2/lib/plugins/gradle-ide-4.10.2.jar
7ff29fa9d000-7ff29fa9f000 r--s 00008000 08:01 1195350                    /home/test/.gradle/wrapper/dists/gradle-4.10.2-bin/cghg6c4gf4vkiutgsab8yrnwv/gradle-4.10.2/lib/plugins/gradle-ear-4.10.2.jar
7ff29fa9f000-7ff29faa1000 r--s 00005000 08:01 1195398                    /home/test/.gradle/wrapper/dists/gradle-4.10.2-bin/cghg6c4gf4vkiutgsab8yrnwv/gradle-4.10.2/lib/plugins/jatl-0.2.2.jar
7ff29faa1000-7ff29faa8000 r--s 0003d000 08:01 1195367                    /home/test/.gradle/wrapper/dists/gradle-4.10.2-bin/cghg6c4gf4vkiutgsab8yrnwv/gradle-4.10.2/lib/plugins/gradle-diagnostics-4.10.2.jar
7ff29faa8000-7ff29faad000 r--s 00028000 08:01 1195337                    /home/test/.gradle/wrapper/dists/gradle-4.10.2-bin/cghg6c4gf4vkiutgsab8yrnwv/gradle-4.10.2/lib/plugins/gradle-code-quality-4.10.2.jar
7ff29faad000-7ff29faaf000 r--s 0000b000 08:01 1195412                    /home/test/.gradle/wrapper/dists/gradle-4.10.2-bin/cghg6c4gf4vkiutgsab8yrnwv/gradle-4.10.2/lib/plugins/maven-plugin-api-3.0.4.jar
7ff29faaf000-7ff29fab1000 r--s 0000b000 08:01 1195434                    /home/test/.gradle/wrapper/dists/gradle-4.10.2-bin/cghg6c4gf4vkiutgsab8yrnwv/gradle-4.10.2/lib/plugins/wagon-provider-api-2.4.jar
7ff29fab1000-7ff29fab7000 r--s 0003f000 08:01 1195402                    /home/test/.gradle/wrapper/dists/gradle-4.10.2-bin/cghg6c4gf4vkiutgsab8yrnwv/gradle-4.10.2/lib/plugins/maven-compat-3.0.4.jar
7ff29fab7000-7ff29fabb000 r--s 0001d000 08:01 1195396                    /home/test/.gradle/wrapper/dists/gradle-4.10.2-bin/cghg6c4gf4vkiutgsab8yrnwv/gradle-4.10.2/lib/plugins/xbean-reflect-3.4.jar
7ff29fabb000-7ff29fabd000 r--s 00009000 08:01 1195446                    /home/test/.gradle/wrapper/dists/gradle-4.10.2-bin/cghg6c4gf4vkiutgsab8yrnwv/gradle-4.10.2/lib/plugins/hamcrest-core-1.3.jar
7ff29fabd000-7ff29fac5000 r--s 00045000 08:01 1195416                    /home/test/.gradle/wrapper/dists/gradle-4.10.2-bin/cghg6c4gf4vkiutgsab8yrnwv/gradle-4.10.2/lib/plugins/junit-4.12.jar
7ff29fac5000-7ff29fac7000 r--s 0000a000 08:01 1195435                    /home/test/.gradle/wrapper/dists/gradle-4.10.2-bin/cghg6c4gf4vkiutgsab8yrnwv/gradle-4.10.2/lib/plugins/plexus-classworlds-2.4.jar
7ff29fac7000-7ff29face000 r--s 0002e000 08:01 1195395                    /home/test/.gradle/wrapper/dists/gradle-4.10.2-bin/cghg6c4gf4vkiutgsab8yrnwv/gradle-4.10.2/lib/plugins/plexus-container-default-1.5.5.jar
7ff29face000-7ff29fad4000 r--s 00026000 08:01 1195355                    /home/test/.gradle/wrapper/dists/gradle-4.10.2-bin/cghg6c4gf4vkiutgsab8yrnwv/gradle-4.10.2/lib/plugins/gradle-build-init-4.10.2.jar
7ff29fad4000-7ff29fadb000 r--s 0002d000 08:01 1195349                    /home/test/.gradle/wrapper/dists/gradle-4.10.2-bin/cghg6c4gf4vkiutgsab8yrnwv/gradle-4.10.2/lib/plugins/gradle-build-comparison-4.10.2.jar
7ff29fadb000-7ff29fadc000 r--s 00002000 08:01 1195378                    /home/test/.gradle/wrapper/dists/gradle-4.10.2-bin/cghg6c4gf4vkiutgsab8yrnwv/gradle-4.10.2/lib/plugins/gradle-build-cache-http-4.10.2.jar
7ff29fadc000-7ff29fade000 r--s 00009000 08:01 1195336                    /home/test/.gradle/wrapper/dists/gradle-4.10.2-bin/cghg6c4gf4vkiutgsab8yrnwv/gradle-4.10.2/lib/plugins/gradle-antlr-4.10.2.jar
7ff29fade000-7ff29fae0000 r--s 00004000 08:01 1195335                    /home/test/.gradle/wrapper/dists/gradle-4.10.2-bin/cghg6c4gf4vkiutgsab8yrnwv/gradle-4.10.2/lib/plugins/gradle-announce-4.10.2.jar
7ff29fae0000-7ff29fae2000 r--s 00011000 08:01 1193358                    /home/test/.gradle/wrapper/dists/gradle-4.10.2-bin/cghg6c4gf4vkiutgsab8yrnwv/gradle-4.10.2/lib/gradle-kotlin-dsl-tooling-builders-1.0-rc-6.jar
7ff29fae2000-7ff29fae4000 r--s 00005000 08:01 1188665                    /home/test/.gradle/wrapper/dists/gradle-4.10.2-bin/cghg6c4gf4vkiutgsab8yrnwv/gradle-4.10.2/lib/gradle-kotlin-dsl-provider-plugins-1.0-rc-6.jar
7ff29fae4000-7ff29fae6000 r--s 0000c000 08:01 1195371                    /home/test/.gradle/wrapper/dists/gradle-4.10.2-bin/cghg6c4gf4vkiutgsab8yrnwv/gradle-4.10.2/lib/plugins/gradle-plugin-use-4.10.2.jar
7ff29fae6000-7ff29fae7000 r--s 00000000 08:01 1195271                    /home/test/.gradle/wrapper/dists/gradle-4.10.2-bin/cghg6c4gf4vkiutgsab8yrnwv/gradle-4.10.2/lib/gradle-runtime-api-info-4.10.2.jar
7ff29fae7000-7ff29fb00000 r--s 0013a000 08:01 1195421                    /home/test/.gradle/wrapper/dists/gradle-4.10.2-bin/cghg6c4gf4vkiutgsab8yrnwv/gradle-4.10.2/lib/plugins/xercesImpl-2.12.0.jar
7ff29fb00000-7ff29fb03000 r--s 0001c000 08:01 1195420                    /home/test/.gradle/wrapper/dists/gradle-4.10.2-bin/cghg6c4gf4vkiutgsab8yrnwv/gradle-4.10.2/lib/plugins/nekohtml-1.9.20.jar
7ff29fb03000-7ff29fb09000 r--s 0005b000 08:01 1195419                    /home/test/.gradle/wrapper/dists/gradle-4.10.2-bin/cghg6c4gf4vkiutgsab8yrnwv/gradle-4.10.2/lib/plugins/jcifs-1.3.17.jar
7ff29fb09000-7ff29fb0c000 r--s 0000d000 08:01 1195379                    /home/test/.gradle/wrapper/dists/gradle-4.10.2-bin/cghg6c4gf4vkiutgsab8yrnwv/gradle-4.10.2/lib/plugins/gradle-resources-http-4.10.2.jar
7ff29fb0c000-7ff29fb11000 r--s 00040000 08:01 1195422                    /home/test/.gradle/wrapper/dists/gradle-4.10.2-bin/cghg6c4gf4vkiutgsab8yrnwv/gradle-4.10.2/lib/plugins/jsch-0.1.54.jar
7ff29fb11000-7ff29fb34000 r--s 00223000 08:01 1195385                    /home/test/.gradle/wrapper/dists/gradle-4.10.2-bin/cghg6c4gf4vkiutgsab8yrnwv/gradle-4.10.2/lib/plugins/org.eclipse.jgit-4.5.3.201708160445-r.jar
7ff29fb34000-7ff29fb3b000 r--s 00049000 08:01 1195445                    /home/test/.gradle/wrapper/dists/gradle-4.10.2-bin/cghg6c4gf4vkiutgsab8yrnwv/gradle-4.10.2/lib/plugins/httpcore-4.4.9.jar
7ff29fb3b000-7ff29fb42000 r--s 0003f000 08:01 1195394                    /home/test/.gradle/wrapper/dists/gradle-4.10.2-bin/cghg6c4gf4vkiutgsab8yrnwv/gradle-4.10.2/lib/plugins/commons-codec-1.10.jar
7ff29fb42000-7ff29fb50000 r--s 000ae000 08:01 1195393                    /home/test/.gradle/wrapper/dists/gradle-4.10.2-bin/cghg6c4gf4vkiutgsab8yrnwv/gradle-4.10.2/lib/plugins/httpclient-4.5.5.jar
7ff29fb50000-7ff29fb52000 r--s 0000c000 08:01 1195372                    /home/test/.gradle/wrapper/dists/gradle-4.10.2-bin/cghg6c4gf4vkiutgsab8yrnwv/gradle-4.10.2/lib/plugins/gradle-version-control-4.10.2.jar
7ff29fb52000-7ff29fb54000 r--s 0000d000 08:01 1195374                    /home/test/.gradle/wrapper/dists/gradle-4.10.2-bin/cghg6c4gf4vkiutgsab8yrnwv/gradle-4.10.2/lib/plugins/gradle-composite-builds-4.10.2.jar
7ff29fb54000-7ff29fb55000 r--s 00000000 08:01 1195274                    /home/test/.gradle/wrapper/dists/gradle-4.10.2-bin/cghg6c4gf4vkiutgsab8yrnwv/gradle-4.10.2/lib/gradle-installation-beacon-4.10.2.jar
7ff29fb55000-7ff29fb57000 r--s 00006000 08:01 1195442                    /home/test/.gradle/wrapper/dists/gradle-4.10.2-bin/cghg6c4gf4vkiutgsab8yrnwv/gradle-4.10.2/lib/plugins/maven-repository-metadata-3.0.4.jar
7ff29fb57000-7ff29fb59000 r--s 0000c000 08:01 1195429                    /home/test/.gradle/wrapper/dists/gradle-4.10.2-bin/cghg6c4gf4vkiutgsab8yrnwv/gradle-4.10.2/lib/plugins/maven-aether-provider-3.0.4.jar
7ff29fb59000-7ff29fb5d000 r--s 00021000 08:01 1195436                    /home/test/.gradle/wrapper/dists/gradle-4.10.2-bin/cghg6c4gf4vkiutgsab8yrnwv/gradle-4.10.2/lib/plugins/maven-model-builder-3.0.4.jar
7ff29fb5d000-7ff29fb5f000 r--s 00026000 08:01 1195437                    /home/test/.gradle/wrapper/dists/gradle-4.10.2-bin/cghg6c4gf4vkiutgsab8yrnwv/gradle-4.10.2/lib/plugins/maven-model-3.0.4.jar
7ff29fb5f000-7ff29fb61000 r--s 0000a000 08:01 1195440                    /home/test/.gradle/wrapper/dists/gradle-4.10.2-bin/cghg6c4gf4vkiutgsab8yrnwv/gradle-4.10.2/lib/plugins/maven-settings-3.0.4.jar
7ff29fb61000-7ff29fb63000 r--s 00002000 08:01 1195454                    /home/test/.gradle/wrapper/dists/gradle-4.10.2-bin/cghg6c4gf4vkiutgsab8yrnwv/gradle-4.10.2/lib/plugins/plexus-cipher-1.7.jar
7ff29fb63000-7ff29fb64000 r--s 00006000 08:01 1195441                    /home/test/.gradle/wrapper/dists/gradle-4.10.2-bin/cghg6c4gf4vkiutgsab8yrnwv/gradle-4.10.2/lib/plugins/plexus-sec-dispatcher-1.3.jar
7ff29fb64000-7ff29fb66000 r--s 0000d000 08:01 1195451                    /home/test/.gradle/wrapper/dists/gradle-4.10.2-bin/cghg6c4gf4vkiutgsab8yrnwv/gradle-4.10.2/lib/plugins/plexus-interpolation-1.14.jar
7ff29fb66000-7ff29fb68000 r--s 00000000 08:01 1195452                    /home/test/.gradle/wrapper/dists/gradle-4.10.2-bin/cghg6c4gf4vkiutgsab8yrnwv/gradle-4.10.2/lib/plugins/plexus-component-annotations-1.5.5.jar
7ff29fb68000-7ff29fb6b000 r--s 00008000 08:01 1195438                    /home/test/.gradle/wrapper/dists/gradle-4.10.2-bin/cghg6c4gf4vkiutgsab8yrnwv/gradle-4.10.2/lib/plugins/maven-settings-builder-3.0.4.jar
7ff29fb6b000-7ff29fb6f000 r--s 00035000 08:01 1195443                    /home/test/.gradle/wrapper/dists/gradle-4.10.2-bin/cghg6c4gf4vkiutgsab8yrnwv/gradle-4.10.2/lib/plugins/plexus-utils-3.0.8.jar
7ff29fb6f000-7ff29fb71000 r--s 0000b000 08:01 1195439                    /home/test/.gradle/wrapper/dists/gradle-4.10.2-bin/cghg6c4gf4vkiutgsab8yrnwv/gradle-4.10.2/lib/plugins/maven-artifact-3.0.4.jar
7ff29fb71000-7ff29fb72000 r--s 00003000 08:01 1195431                    /home/test/.gradle/wrapper/dists/gradle-4.10.2-bin/cghg6c4gf4vkiutgsab8yrnwv/gradle-4.10.2/lib/plugins/aether-spi-1.13.1.jar
7ff29fb72000-7ff29fb75000 r--s 0001d000 08:01 1195430                    /home/test/.gradle/wrapper/dists/gradle-4.10.2-bin/cghg6c4gf4vkiutgsab8yrnwv/gradle-4.10.2/lib/plugins/aether-impl-1.13.1.jar
7ff29fb75000-7ff29fb79000 r--s 0001c000 08:01 1195432                    /home/test/.gradle/wrapper/dists/gradle-4.10.2-bin/cghg6c4gf4vkiutgsab8yrnwv/gradle-4.10.2/lib/plugins/aether-util-1.13.1.jar
7ff29fb79000-7ff29fb7c000 r--s 00013000 08:01 1195433                    /home/test/.gradle/wrapper/dists/gradle-4.10.2-bin/cghg6c4gf4vkiutgsab8yrnwv/gradle-4.10.2/lib/plugins/aether-api-1.13.1.jar
7ff29fb7c000-7ff29fb88000 r--s 0007d000 08:01 1195403                    /home/test/.gradle/wrapper/dists/gradle-4.10.2-bin/cghg6c4gf4vkiutgsab8yrnwv/gradle-4.10.2/lib/plugins/maven-core-3.0.4.jar
7ff29fb88000-7ff29fb97000 r--s 000d9000 08:01 1195401                    /home/test/.gradle/wrapper/dists/gradle-4.10.2-bin/cghg6c4gf4vkiutgsab8yrnwv/gradle-4.10.2/lib/plugins/ivy-2.2.0.jar
7ff29fb97000-7ff29fb9c000 r--s 00034000 08:01 1195410                    /home/test/.gradle/wrapper/dists/gradle-4.10.2-bin/cghg6c4gf4vkiutgsab8yrnwv/gradle-4.10.2/lib/plugins/gson-2.7.jar
7ff29fb9c000-7ff29fbef000 r--s 00373000 08:01 1195428                    /home/test/.gradle/wrapper/dists/gradle-4.10.2-bin/cghg6c4gf4vkiutgsab8yrnwv/gradle-4.10.2/lib/plugins/bcprov-jdk15on-1.58.jar
7ff29fbef000-7ff29fbf1000 r--s 00012000 08:01 1195397                    /home/test/.gradle/wrapper/dists/gradle-4.10.2-bin/cghg6c4gf4vkiutgsab8yrnwv/gradle-4.10.2/lib/plugins/asm-util-6.2.jar
7ff29fbf1000-7ff29fc21000 r--s 0018f000 08:01 1195373                    /home/test/.gradle/wrapper/dists/gradle-4.10.2-bin/cghg6c4gf4vkiutgsab8yrnwv/gradle-4.10.2/lib/plugins/gradle-dependency-management-4.10.2.jar
7ff29fc21000-7ff29fc26000 r-xp 00000000 08:01 1319982                    /home/test/.gradle/native/25/linux-amd64/libnative-platform.so
7ff29fc26000-7ff29fe25000 ---p 00005000 08:01 1319982                    /home/test/.gradle/native/25/linux-amd64/libnative-platform.so
7ff29fe25000-7ff29fe26000 rw-p 00004000 08:01 1319982                    /home/test/.gradle/native/25/linux-amd64/libnative-platform.so
7ff29fe26000-7ff29fe35000 r--s 0004b000 08:01 1195272                    /home/test/.gradle/wrapper/dists/gradle-4.10.2-bin/cghg6c4gf4vkiutgsab8yrnwv/gradle-4.10.2/lib/gradle-tooling-api-4.10.2.jar
7ff29fe35000-7ff2a0000000 r--s 019b7000 08:01 1193548                    /home/test/.gradle/wrapper/dists/gradle-4.10.2-bin/cghg6c4gf4vkiutgsab8yrnwv/gradle-4.10.2/lib/kotlin-compiler-embeddable-1.2.61.jar
7ff2a0000000-7ff2a002e000 rw-p 00000000 00:00 0 
7ff2a002e000-7ff2a4000000 ---p 00000000 00:00 0 
7ff2a4000000-7ff2a4002000 r--s 0000e000 08:01 1195381                    /home/test/.gradle/wrapper/dists/gradle-4.10.2-bin/cghg6c4gf4vkiutgsab8yrnwv/gradle-4.10.2/lib/plugins/gradle-workers-4.10.2.jar
7ff2a4002000-7ff2a4004000 r--s 00006000 08:01 1195273                    /home/test/.gradle/wrapper/dists/gradle-4.10.2-bin/cghg6c4gf4vkiutgsab8yrnwv/gradle-4.10.2/lib/gradle-wrapper-4.10.2.jar
7ff2a4004000-7ff2a4006000 r--s 00002000 08:01 1195269                    /home/test/.gradle/wrapper/dists/gradle-4.10.2-bin/cghg6c4gf4vkiutgsab8yrnwv/gradle-4.10.2/lib/kotlin-stdlib-jdk8-1.2.61.jar
7ff2a4006000-7ff2a4007000 r--s 00000000 08:01 1195268                    /home/test/.gradle/wrapper/dists/gradle-4.10.2-bin/cghg6c4gf4vkiutgsab8yrnwv/gradle-4.10.2/lib/kotlin-stdlib-jdk7-1.2.61.jar
7ff2a4007000-7ff2a400d000 r--s 00015000 08:01 1195267                    /home/test/.gradle/wrapper/dists/gradle-4.10.2-bin/cghg6c4gf4vkiutgsab8yrnwv/gradle-4.10.2/lib/kotlin-stdlib-common-1.2.61.jar
7ff2a400d000-7ff2a401d000 r--s 000db000 08:01 1195225                    /home/test/.gradle/wrapper/dists/gradle-4.10.2-bin/cghg6c4gf4vkiutgsab8yrnwv/gradle-4.10.2/lib/kotlin-stdlib-1.2.61.jar
7ff2a401d000-7ff2a401f000 r--s 00009000 08:01 1194654                    /home/test/.gradle/wrapper/dists/gradle-4.10.2-bin/cghg6c4gf4vkiutgsab8yrnwv/gradle-4.10.2/lib/kotlin-script-runtime-1.2.61.jar
7ff2a401f000-7ff2a4020000 r--s 00002000 08:01 1193551                    /home/test/.gradle/wrapper/dists/gradle-4.10.2-bin/cghg6c4gf4vkiutgsab8yrnwv/gradle-4.10.2/lib/kotlin-sam-with-receiver-compiler-plugin-1.2.61.jar
7ff2a4020000-7ff2a4055000 r--s 00241000 08:01 1193549                    /home/test/.gradle/wrapper/dists/gradle-4.10.2-bin/cghg6c4gf4vkiutgsab8yrnwv/gradle-4.10.2/lib/kotlin-reflect-1.2.61.jar
7ff2a4055000-7ff2a4093000 rw-p 00000000 00:00 0 
7ff2a4093000-7ff2a4095000 r--s 00000000 08:01 1193529                    /home/test/.gradle/wrapper/dists/gradle-4.10.2-bin/cghg6c4gf4vkiutgsab8yrnwv/gradle-4.10.2/lib/gradle-kotlin-dsl-tooling-models-1.0-rc-6.jar
7ff2a4095000-7ff2a4097000 r--s 00003000 08:01 1180231                    /home/test/.gradle/wrapper/dists/gradle-4.10.2-bin/cghg6c4gf4vkiutgsab8yrnwv/gradle-4.10.2/lib/annotations-13.0.jar
7ff2a4097000-7ff2a40ab000 r--s 00109000 08:01 1180232                    /home/test/.gradle/wrapper/dists/gradle-4.10.2-bin/cghg6c4gf4vkiutgsab8yrnwv/gradle-4.10.2/lib/gradle-kotlin-dsl-1.0-rc-6.jar
7ff2a40ab000-7ff2a40af000 r--s 00013000 08:01 1195278                    /home/test/.gradle/wrapper/dists/gradle-4.10.2-bin/cghg6c4gf4vkiutgsab8yrnwv/gradle-4.10.2/lib/gradle-build-cache-4.10.2.jar
7ff2a40af000-7ff2a40b5000 r--s 00034000 08:01 1195279                    /home/test/.gradle/wrapper/dists/gradle-4.10.2-bin/cghg6c4gf4vkiutgsab8yrnwv/gradle-4.10.2/lib/gradle-persistent-cache-4.10.2.jar
7ff2a40b5000-7ff2a40ba000 r--s 00015000 08:01 1195282                    /home/test/.gradle/wrapper/dists/gradle-4.10.2-bin/cghg6c4gf4vkiutgsab8yrnwv/gradle-4.10.2/lib/gradle-resources-4.10.2.jar
7ff2a40ba000-7ff2a40bb000 r--s 00003000 08:01 1195289                    /home/test/.gradle/wrapper/dists/gradle-4.10.2-bin/cghg6c4gf4vkiutgsab8yrnwv/gradle-4.10.2/lib/gradle-build-option-4.10.2.jar
7ff2a40bb000-7ff2a40bc000 r--s 00006000 08:01 1195290                    /home/test/.gradle/wrapper/dists/gradle-4.10.2-bin/cghg6c4gf4vkiutgsab8yrnwv/gradle-4.10.2/lib/gradle-cli-4.10.2.jar
7ff2a40bc000-7ff2a40be000 r--s 00004000 08:01 1195302                    /home/test/.gradle/wrapper/dists/gradle-4.10.2-bin/cghg6c4gf4vkiutgsab8yrnwv/gradle-4.10.2/lib/log4j-over-slf4j-1.7.16.jar
7ff2a40be000-7ff2a40c0000 r--s 00000000 08:01 1195301                    /home/test/.gradle/wrapper/dists/gradle-4.10.2-bin/cghg6c4gf4vkiutgsab8yrnwv/gradle-4.10.2/lib/jul-to-slf4j-1.7.16.jar
7ff2a40c0000-7ff2a40c2000 r--s 00003000 08:01 1195300                    /home/test/.gradle/wrapper/dists/gradle-4.10.2-bin/cghg6c4gf4vkiutgsab8yrnwv/gradle-4.10.2/lib/jcl-over-slf4j-1.7.16.jar
7ff2a40c2000-7ff2a40ca000 r--s 00035000 08:01 1195280                    /home/test/.gradle/wrapper/dists/gradle-4.10.2-bin/cghg6c4gf4vkiutgsab8yrnwv/gradle-4.10.2/lib/gradle-logging-4.10.2.jar
7ff2a40ca000-7ff2a40d9000 r--s 00085000 08:01 1195285                    /home/test/.gradle/wrapper/dists/gradle-4.10.2-bin/cghg6c4gf4vkiutgsab8yrnwv/gradle-4.10.2/lib/gradle-model-core-4.10.2.jar
7ff2a40d9000-7ff2a40db000 r--s 00006000 08:01 1195286                    /home/test/.gradle/wrapper/dists/gradle-4.10.2-bin/cghg6c4gf4vkiutgsab8yrnwv/gradle-4.10.2/lib/gradle-base-services-groovy-4.10.2.jar
7ff2a40db000-7ff2a40dd000 r--s 00007000 08:01 1195284                    /home/test/.gradle/wrapper/dists/gradle-4.10.2-bin/cghg6c4gf4vkiutgsab8yrnwv/gradle-4.10.2/lib/gradle-model-groovy-4.10.2.jar
7ff2a40dd000-7ff2a40de000 r--s 00006000 08:01 1195291                    /home/test/.gradle/wrapper/dists/gradle-4.10.2-bin/cghg6c4gf4vkiutgsab8yrnwv/gradle-4.10.2/lib/gradle-docs-4.10.2.jar
7ff2a40de000-7ff2a40e7000 r--s 0002d000 08:01 1195314                    /home/test/.gradle/wrapper/dists/gradle-4.10.2-bin/cghg6c4gf4vkiutgsab8yrnwv/gradle-4.10.2/lib/xml-apis-1.4.01.jar
7ff2a40e7000-7ff2a40e8000 r--s 00000000 08:01 1195310                    /home/test/.gradle/wrapper/dists/gradle-4.10.2-bin/cghg6c4gf4vkiutgsab8yrnwv/gradle-4.10.2/lib/javax.inject-1.jar
7ff2a40e8000-7ff2a4159000 r--s 00665000 08:01 1195308                    /home/test/.gradle/wrapper/dists/gradle-4.10.2-bin/cghg6c4gf4vkiutgsab8yrnwv/gradle-4.10.2/lib/groovy-all-2.4.15.jar
7ff2a4159000-7ff2a4163000 r--s 00078000 08:01 1195313                    /home/test/.gradle/wrapper/dists/gradle-4.10.2-bin/cghg6c4gf4vkiutgsab8yrnwv/gradle-4.10.2/lib/commons-compress-1.14.jar
7ff2a4163000-7ff2a4170000 r--s 00083000 08:01 1195311                    /home/test/.gradle/wrapper/dists/gradle-4.10.2-bin/cghg6c4gf4vkiutgsab8yrnwv/gradle-4.10.2/lib/commons-collections-3.2.2.jar
7ff2a4170000-7ff2a4171000 r--s 00007000 08:01 1195293                    /home/test/.gradle/wrapper/dists/gradle-4.10.2-bin/cghg6c4gf4vkiutgsab8yrnwv/gradle-4.10.2/lib/asm-analysis-6.2.jar
7ff2a4171000-7ff2a4173000 r--s 0000b000 08:01 1195294                    /home/test/.gradle/wrapper/dists/gradle-4.10.2-bin/cghg6c4gf4vkiutgsab8yrnwv/gradle-4.10.2/lib/asm-tree-6.2.jar
7ff2a4173000-7ff2a4175000 r--s 00012000 08:01 1195292                    /home/test/.gradle/wrapper/dists/gradle-4.10.2-bin/cghg6c4gf4vkiutgsab8yrnwv/gradle-4.10.2/lib/asm-commons-6.2.jar
7ff2a4175000-7ff2a4176000 r--s 00004000 08:01 1195317                    /home/test/.gradle/wrapper/dists/gradle-4.10.2-bin/cghg6c4gf4vkiutgsab8yrnwv/gradle-4.10.2/lib/native-platform-freebsd-amd64-libcpp-0.14.jar
7ff2a4176000-7ff2a4177000 r--s 00004000 08:01 1195318                    /home/test/.gradle/wrapper/dists/gradle-4.10.2-bin/cghg6c4gf4vkiutgsab8yrnwv/gradle-4.10.2/lib/native-platform-freebsd-amd64-libstdcpp-0.14.jar
7ff2a4177000-7ff2a4178000 r--s 00004000 08:01 1195319                    /home/test/.gradle/wrapper/dists/gradle-4.10.2-bin/cghg6c4gf4vkiutgsab8yrnwv/gradle-4.10.2/lib/native-platform-freebsd-i386-libcpp-0.14.jar
7ff2a4178000-7ff2a4179000 r--s 00003000 08:01 1195320                    /home/test/.gradle/wrapper/dists/gradle-4.10.2-bin/cghg6c4gf4vkiutgsab8yrnwv/gradle-4.10.2/lib/native-platform-freebsd-i386-libstdcpp-0.14.jar
7ff2a4179000-7ff2a417a000 r--s 00002000 08:01 1195321                    /home/test/.gradle/wrapper/dists/gradle-4.10.2-bin/cghg6c4gf4vkiutgsab8yrnwv/gradle-4.10.2/lib/native-platform-linux-amd64-0.14.jar
7ff2a417a000-7ff2a417b000 r--s 00002000 08:01 1195322                    /home/test/.gradle/wrapper/dists/gradle-4.10.2-bin/cghg6c4gf4vkiutgsab8yrnwv/gradle-4.10.2/lib/native-platform-linux-i386-0.14.jar
7ff2a417b000-7ff2a417d000 r--s 00002000 08:01 1195323                    /home/test/.gradle/wrapper/dists/gradle-4.10.2-bin/cghg6c4gf4vkiutgsab8yrnwv/gradle-4.10.2/lib/native-platform-osx-amd64-0.14.jar
7ff2a417d000-7ff2a417e000 r--s 00003000 08:01 1195324                    /home/test/.gradle/wrapper/dists/gradle-4.10.2-bin/cghg6c4gf4vkiutgsab8yrnwv/gradle-4.10.2/lib/native-platform-osx-i386-0.14.jar
7ff2a417e000-7ff2a4180000 r--s 0000b000 08:01 1195325                    /home/test/.gradle/wrapper/dists/gradle-4.10.2-bin/cghg6c4gf4vkiutgsab8yrnwv/gradle-4.10.2/lib/native-platform-windows-amd64-0.14.jar
7ff2a4180000-7ff2a4181000 r--s 0000b000 08:01 1195326                    /home/test/.gradle/wrapper/dists/gradle-4.10.2-bin/cghg6c4gf4vkiutgsab8yrnwv/gradle-4.10.2/lib/native-platform-windows-i386-0.14.jar
7ff2a4181000-7ff2a4182000 r--s 00001000 08:01 1195327                    /home/test/.gradle/wrapper/dists/gradle-4.10.2-bin/cghg6c4gf4vkiutgsab8yrnwv/gradle-4.10.2/lib/native-platform-linux-amd64-ncurses5-0.14.jar
7ff2a4182000-7ff2a4183000 r--s 00001000 08:01 1195328                    /home/test/.gradle/wrapper/dists/gradle-4.10.2-bin/cghg6c4gf4vkiutgsab8yrnwv/gradle-4.10.2/lib/native-platform-linux-amd64-ncurses6-0.14.jar
7ff2a4183000-7ff2a4184000 r--s 00001000 08:01 1195329                    /home/test/.gradle/wrapper/dists/gradle-4.10.2-bin/cghg6c4gf4vkiutgsab8yrnwv/gradle-4.10.2/lib/native-platform-linux-i386-ncurses5-0.14.jar
7ff2a4184000-7ff2a4188000 r--s 00012000 08:01 1195312                    /home/test/.gradle/wrapper/dists/gradle-4.10.2-bin/cghg6c4gf4vkiutgsab8yrnwv/gradle-4.10.2/lib/native-platform-0.14.jar
7ff2a4188000-7ff2a418b000 r--s 00023000 08:01 1195315                    /home/test/.gradle/wrapper/dists/gradle-4.10.2-bin/cghg6c4gf4vkiutgsab8yrnwv/gradle-4.10.2/lib/jansi-1.14.jar
7ff2a418b000-7ff2a418f000 r--s 0000c000 08:01 1195283                    /home/test/.gradle/wrapper/dists/gradle-4.10.2-bin/cghg6c4gf4vkiutgsab8yrnwv/gradle-4.10.2/lib/gradle-native-4.10.2.jar
7ff2a418f000-7ff2a4191000 r--s 0000f000 08:01 1195296                    /home/test/.gradle/wrapper/dists/gradle-4.10.2-bin/cghg6c4gf4vkiutgsab8yrnwv/gradle-4.10.2/lib/reflectasm-1.07-shaded.jar
7ff2a4191000-7ff2a4193000 r--s 00000000 08:01 1195331                    /home/test/.gradle/wrapper/dists/gradle-4.10.2-bin/cghg6c4gf4vkiutgsab8yrnwv/gradle-4.10.2/lib/minlog-1.2.jar
7ff2a4193000-7ff2a4195000 r--s 00007000 08:01 1195332                    /home/test/.gradle/wrapper/dists/gradle-4.10.2-bin/cghg6c4gf4vkiutgsab8yrnwv/gradle-4.10.2/lib/objenesis-1.2.jar
7ff2a4195000-7ff2a4199000 r--s 00026000 08:01 1195295                    /home/test/.gradle/wrapper/dists/gradle-4.10.2-bin/cghg6c4gf4vkiutgsab8yrnwv/gradle-4.10.2/lib/kryo-2.20.jar
7ff2a4199000-7ff2a41a0000 r--s 0002d000 08:01 1195287                    /home/test/.gradle/wrapper/dists/gradle-4.10.2-bin/cghg6c4gf4vkiutgsab8yrnwv/gradle-4.10.2/lib/gradle-messaging-4.10.2.jar
7ff2a41a0000-7ff2a41a2000 r--s 00006000 08:01 1195281                    /home/test/.gradle/wrapper/dists/gradle-4.10.2-bin/cghg6c4gf4vkiutgsab8yrnwv/gradle-4.10.2/lib/gradle-process-services-4.10.2.jar
7ff2a41a2000-7ff2a41a4000 r--s 00000000 08:01 1195276                    /home/test/.gradle/wrapper/dists/gradle-4.10.2-bin/cghg6c4gf4vkiutgsab8yrnwv/gradle-4.10.2/lib/gradle-jvm-services-4.10.2.jar
7ff2a41a4000-7ff2a41a6000 r--s 00006000 08:01 1195305                    /home/test/.gradle/wrapper/dists/gradle-4.10.2-bin/cghg6c4gf4vkiutgsab8yrnwv/gradle-4.10.2/lib/jsr305-2.0.1.jar
7ff2a41a6000-7ff2a41ce000 r--s 001cf000 08:01 1195304                    /home/test/.gradle/wrapper/dists/gradle-4.10.2-bin/cghg6c4gf4vkiutgsab8yrnwv/gradle-4.10.2/lib/guava-jdk5-17.0.jar
7ff2a41ce000-7ff2a41d1000 r--s 0001a000 08:01 1195306                    /home/test/.gradle/wrapper/dists/gradle-4.10.2-bin/cghg6c4gf4vkiutgsab8yrnwv/gradle-4.10.2/lib/fastutil-7.2.1-min.jar
7ff2a41d1000-7ff2a41d5000 r--s 0002a000 08:01 1195298                    /home/test/.gradle/wrapper/dists/gradle-4.10.2-bin/cghg6c4gf4vkiutgsab8yrnwv/gradle-4.10.2/lib/commons-io-2.4.jar
7ff2a41d5000-7ff2a41da000 r--s 00041000 08:01 1195299                    /home/test/.gradle/wrapper/dists/gradle-4.10.2-bin/cghg6c4gf4vkiutgsab8yrnwv/gradle-4.10.2/lib/commons-lang-2.6.jar
7ff2a41da000-7ff2a41f9000 r--s 001d9000 08:01 1195309                    /home/test/.gradle/wrapper/dists/gradle-4.10.2-bin/cghg6c4gf4vkiutgsab8yrnwv/gradle-4.10.2/lib/ant-1.9.11.jar
7ff2a41f9000-7ff2a423f000 r--s 00265000 08:01 1195275                    /home/test/.gradle/wrapper/dists/gradle-4.10.2-bin/cghg6c4gf4vkiutgsab8yrnwv/gradle-4.10.2/lib/gradle-core-4.10.2.jar
7ff2a423f000-7ff2a4270000 rw-p 00000000 00:00 0 
7ff2a4270000-7ff2a4288000 r-xp 00000000 08:01 1862022                    /usr/lib/jvm/java-8-openjdk-amd64/jre/lib/amd64/libnet.so
7ff2a4288000-7ff2a4487000 ---p 00018000 08:01 1862022                    /usr/lib/jvm/java-8-openjdk-amd64/jre/lib/amd64/libnet.so
7ff2a4487000-7ff2a4488000 r--p 00017000 08:01 1862022                    /usr/lib/jvm/java-8-openjdk-amd64/jre/lib/amd64/libnet.so
7ff2a4488000-7ff2a4489000 rw-p 00018000 08:01 1862022                    /usr/lib/jvm/java-8-openjdk-amd64/jre/lib/amd64/libnet.so
7ff2a4489000-7ff2a449b000 r-xp 00000000 08:01 1862018                    /usr/lib/jvm/java-8-openjdk-amd64/jre/lib/amd64/libnio.so
7ff2a449b000-7ff2a469a000 ---p 00012000 08:01 1862018                    /usr/lib/jvm/java-8-openjdk-amd64/jre/lib/amd64/libnio.so
7ff2a469a000-7ff2a469b000 r--p 00011000 08:01 1862018                    /usr/lib/jvm/java-8-openjdk-amd64/jre/lib/amd64/libnio.so
7ff2a469b000-7ff2a469c000 rw-p 00012000 08:01 1862018                    /usr/lib/jvm/java-8-openjdk-amd64/jre/lib/amd64/libnio.so
7ff2a469c000-7ff2a4732000 r--s 008d7000 08:01 2248861                    /usr/share/java/openjfx/jre/lib/ext/jfxrt.jar
7ff2a4732000-7ff2a474d000 r--s 00394000 08:01 1861997                    /usr/lib/jvm/java-8-openjdk-amd64/jre/lib/ext/cldrdata.jar
7ff2a474d000-7ff2a4768000 r--s 001d6000 08:01 1861999                    /usr/lib/jvm/java-8-openjdk-amd64/jre/lib/ext/nashorn.jar
7ff2a4768000-7ff2a4769000 ---p 00000000 00:00 0 
7ff2a4769000-7ff2a4869000 rw-p 00000000 00:00 0 
7ff2a4869000-7ff2a486c000 ---p 00000000 00:00 0 
7ff2a486c000-7ff2a496a000 rw-p 00000000 00:00 0 
7ff2a496a000-7ff2a496d000 ---p 00000000 00:00 0 
7ff2a496d000-7ff2a4a6b000 rw-p 00000000 00:00 0 
7ff2a4a6b000-7ff2a4a6e000 ---p 00000000 00:00 0 
7ff2a4a6e000-7ff2a4b6c000 rw-p 00000000 00:00 0 
7ff2a4b6c000-7ff2a4b6f000 ---p 00000000 00:00 0 
7ff2a4b6f000-7ff2a4c6d000 rw-p 00000000 00:00 0 
7ff2a4c6d000-7ff2a4c70000 ---p 00000000 00:00 0 
7ff2a4c70000-7ff2a4d6e000 rw-p 00000000 00:00 0 
7ff2a4d6e000-7ff2a586d000 r--p 00000000 08:01 1843728                    /usr/lib/locale/locale-archive
7ff2a586d000-7ff2a5870000 ---p 00000000 00:00 0 
7ff2a5870000-7ff2a596e000 rw-p 00000000 00:00 0 
7ff2a596e000-7ff2a5971000 ---p 00000000 00:00 0 
7ff2a5971000-7ff2a5a6f000 rw-p 00000000 00:00 0 
7ff2a5a6f000-7ff2a5a70000 ---p 00000000 00:00 0 
7ff2a5a70000-7ff2a9000000 rw-p 00000000 00:00 0 
7ff2a9000000-7ff2aa040000 rwxp 00000000 00:00 0 
7ff2aa040000-7ff2b8000000 ---p 00000000 00:00 0 
7ff2b8000000-7ff2b9119000 rw-p 00000000 00:00 0 
7ff2b9119000-7ff2bc000000 ---p 00000000 00:00 0 
7ff2bc000000-7ff2bc001000 r--s 00001000 08:01 1195330                    /home/test/.gradle/wrapper/dists/gradle-4.10.2-bin/cghg6c4gf4vkiutgsab8yrnwv/gradle-4.10.2/lib/native-platform-linux-i386-ncurses6-0.14.jar
7ff2bc001000-7ff2bc00e000 r--s 00037000 08:01 1195277                    /home/test/.gradle/wrapper/dists/gradle-4.10.2-bin/cghg6c4gf4vkiutgsab8yrnwv/gradle-4.10.2/lib/gradle-core-api-4.10.2.jar
7ff2bc00e000-7ff2bc01a000 r--s 00064000 08:01 1195288                    /home/test/.gradle/wrapper/dists/gradle-4.10.2-bin/cghg6c4gf4vkiutgsab8yrnwv/gradle-4.10.2/lib/gradle-base-services-4.10.2.jar
7ff2bc01a000-7ff2bc36b000 rw-p 00000000 00:00 0 
7ff2bc36b000-7ff2bc53c000 r--s 03ca5000 08:01 1861975                    /usr/lib/jvm/java-8-openjdk-amd64/jre/lib/rt.jar
7ff2bc53c000-7ff2bc7b2000 rw-p 00000000 00:00 0 
7ff2bc7b2000-7ff2bc7b3000 ---p 00000000 00:00 0 
7ff2bc7b3000-7ff2bc8b3000 rw-p 00000000 00:00 0 
7ff2bc8b3000-7ff2bc8b4000 ---p 00000000 00:00 0 
7ff2bc8b4000-7ff2bc9b4000 rw-p 00000000 00:00 0 
7ff2bc9b4000-7ff2bc9b5000 ---p 00000000 00:00 0 
7ff2bc9b5000-7ff2bcab5000 rw-p 00000000 00:00 0 
7ff2bcab5000-7ff2bcab6000 ---p 00000000 00:00 0 
7ff2bcab6000-7ff2bcbcc000 rw-p 00000000 00:00 0 
7ff2bcbcc000-7ff2bcd0c000 ---p 00000000 00:00 0 
7ff2bcd0c000-7ff2bcd22000 rw-p 00000000 00:00 0 
7ff2bcd22000-7ff2bce61000 ---p 00000000 00:00 0 
7ff2bce61000-7ff2bcebe000 rw-p 00000000 00:00 0 
7ff2bcebe000-7ff2bcf0c000 ---p 00000000 00:00 0 
7ff2bcf0c000-7ff2bcf4e000 rw-p 00000000 00:00 0 
7ff2bcf4e000-7ff2bd2cd000 ---p 00000000 00:00 0 
7ff2bd2cd000-7ff2bd2d5000 r-xp 00000000 08:01 1862021                    /usr/lib/jvm/java-8-openjdk-amd64/jre/lib/amd64/libzip.so
7ff2bd2d5000-7ff2bd4d4000 ---p 00008000 08:01 1862021                    /usr/lib/jvm/java-8-openjdk-amd64/jre/lib/amd64/libzip.so
7ff2bd4d4000-7ff2bd4d5000 r--p 00007000 08:01 1862021                    /usr/lib/jvm/java-8-openjdk-amd64/jre/lib/amd64/libzip.so
7ff2bd4d5000-7ff2bd4d6000 rw-p 00008000 08:01 1862021                    /usr/lib/jvm/java-8-openjdk-amd64/jre/lib/amd64/libzip.so
7ff2bd4d6000-7ff2bd4e1000 r-xp 00000000 08:01 2627151                    /lib/x86_64-linux-gnu/libnss_files-2.23.so
7ff2bd4e1000-7ff2bd6e0000 ---p 0000b000 08:01 2627151                    /lib/x86_64-linux-gnu/libnss_files-2.23.so
7ff2bd6e0000-7ff2bd6e1000 r--p 0000a000 08:01 2627151                    /lib/x86_64-linux-gnu/libnss_files-2.23.so
7ff2bd6e1000-7ff2bd6e2000 rw-p 0000b000 08:01 2627151                    /lib/x86_64-linux-gnu/libnss_files-2.23.so
7ff2bd6e2000-7ff2bd6e8000 rw-p 00000000 00:00 0 
7ff2bd6e8000-7ff2bd6f3000 r-xp 00000000 08:01 2627161                    /lib/x86_64-linux-gnu/libnss_nis-2.23.so
7ff2bd6f3000-7ff2bd8f2000 ---p 0000b000 08:01 2627161                    /lib/x86_64-linux-gnu/libnss_nis-2.23.so
7ff2bd8f2000-7ff2bd8f3000 r--p 0000a000 08:01 2627161                    /lib/x86_64-linux-gnu/libnss_nis-2.23.so
7ff2bd8f3000-7ff2bd8f4000 rw-p 0000b000 08:01 2627161                    /lib/x86_64-linux-gnu/libnss_nis-2.23.so
7ff2bd8f4000-7ff2bd90a000 r-xp 00000000 08:01 2627145                    /lib/x86_64-linux-gnu/libnsl-2.23.so
7ff2bd90a000-7ff2bdb09000 ---p 00016000 08:01 2627145                    /lib/x86_64-linux-gnu/libnsl-2.23.so
7ff2bdb09000-7ff2bdb0a000 r--p 00015000 08:01 2627145                    /lib/x86_64-linux-gnu/libnsl-2.23.so
7ff2bdb0a000-7ff2bdb0b000 rw-p 00016000 08:01 2627145                    /lib/x86_64-linux-gnu/libnsl-2.23.so
7ff2bdb0b000-7ff2bdb0d000 rw-p 00000000 00:00 0 
7ff2bdb0d000-7ff2bdb15000 r-xp 00000000 08:01 2627147                    /lib/x86_64-linux-gnu/libnss_compat-2.23.so
7ff2bdb15000-7ff2bdd14000 ---p 00008000 08:01 2627147                    /lib/x86_64-linux-gnu/libnss_compat-2.23.so
7ff2bdd14000-7ff2bdd15000 r--p 00007000 08:01 2627147                    /lib/x86_64-linux-gnu/libnss_compat-2.23.so
7ff2bdd15000-7ff2bdd16000 rw-p 00008000 08:01 2627147                    /lib/x86_64-linux-gnu/libnss_compat-2.23.so
7ff2bdd16000-7ff2bdd40000 r-xp 00000000 08:01 1862028                    /usr/lib/jvm/java-8-openjdk-amd64/jre/lib/amd64/libjava.so
7ff2bdd40000-7ff2bdf3f000 ---p 0002a000 08:01 1862028                    /usr/lib/jvm/java-8-openjdk-amd64/jre/lib/amd64/libjava.so
7ff2bdf3f000-7ff2bdf40000 r--p 00029000 08:01 1862028                    /usr/lib/jvm/java-8-openjdk-amd64/jre/lib/amd64/libjava.so
7ff2bdf40000-7ff2bdf42000 rw-p 0002a000 08:01 1862028                    /usr/lib/jvm/java-8-openjdk-amd64/jre/lib/amd64/libjava.so
7ff2bdf42000-7ff2bdf51000 r-xp 00000000 08:01 1862026                    /usr/lib/jvm/java-8-openjdk-amd64/jre/lib/amd64/libverify.so
7ff2bdf51000-7ff2be150000 ---p 0000f000 08:01 1862026                    /usr/lib/jvm/java-8-openjdk-amd64/jre/lib/amd64/libverify.so
7ff2be150000-7ff2be152000 r--p 0000e000 08:01 1862026                    /usr/lib/jvm/java-8-openjdk-amd64/jre/lib/amd64/libverify.so
7ff2be152000-7ff2be153000 rw-p 00010000 08:01 1862026                    /usr/lib/jvm/java-8-openjdk-amd64/jre/lib/amd64/libverify.so
7ff2be153000-7ff2be15a000 r-xp 00000000 08:01 2627206                    /lib/x86_64-linux-gnu/librt-2.23.so
7ff2be15a000-7ff2be359000 ---p 00007000 08:01 2627206                    /lib/x86_64-linux-gnu/librt-2.23.so
7ff2be359000-7ff2be35a000 r--p 00006000 08:01 2627206                    /lib/x86_64-linux-gnu/librt-2.23.so
7ff2be35a000-7ff2be35b000 rw-p 00007000 08:01 2627206                    /lib/x86_64-linux-gnu/librt-2.23.so
7ff2be35b000-7ff2be371000 r-xp 00000000 08:01 2627090                    /lib/x86_64-linux-gnu/libgcc_s.so.1
7ff2be371000-7ff2be570000 ---p 00016000 08:01 2627090                    /lib/x86_64-linux-gnu/libgcc_s.so.1
7ff2be570000-7ff2be571000 rw-p 00015000 08:01 2627090                    /lib/x86_64-linux-gnu/libgcc_s.so.1
7ff2be571000-7ff2be679000 r-xp 00000000 08:01 2627122                    /lib/x86_64-linux-gnu/libm-2.23.so
7ff2be679000-7ff2be878000 ---p 00108000 08:01 2627122                    /lib/x86_64-linux-gnu/libm-2.23.so
7ff2be878000-7ff2be879000 r--p 00107000 08:01 2627122                    /lib/x86_64-linux-gnu/libm-2.23.so
7ff2be879000-7ff2be87a000 rw-p 00108000 08:01 2627122                    /lib/x86_64-linux-gnu/libm-2.23.so
7ff2be87a000-7ff2be9ec000 r-xp 00000000 08:01 1846265                    /usr/lib/x86_64-linux-gnu/libstdc++.so.6.0.21
7ff2be9ec000-7ff2bebec000 ---p 00172000 08:01 1846265                    /usr/lib/x86_64-linux-gnu/libstdc++.so.6.0.21
7ff2bebec000-7ff2bebf6000 r--p 00172000 08:01 1846265                    /usr/lib/x86_64-linux-gnu/libstdc++.so.6.0.21
7ff2bebf6000-7ff2bebf8000 rw-p 0017c000 08:01 1846265                    /usr/lib/x86_64-linux-gnu/libstdc++.so.6.0.21
7ff2bebf8000-7ff2bebfc000 rw-p 00000000 00:00 0 
7ff2bebfc000-7ff2bf922000 r-xp 00000000 08:01 1862045                    /usr/lib/jvm/java-8-openjdk-amd64/jre/lib/amd64/server/libjvm.so
7ff2bf922000-7ff2bfb21000 ---p 00d26000 08:01 1862045                    /usr/lib/jvm/java-8-openjdk-amd64/jre/lib/amd64/server/libjvm.so
7ff2bfb21000-7ff2bfbb7000 r--p 00d25000 08:01 1862045                    /usr/lib/jvm/java-8-openjdk-amd64/jre/lib/amd64/server/libjvm.so
7ff2bfbb7000-7ff2bfbe0000 rw-p 00dbb000 08:01 1862045                    /usr/lib/jvm/java-8-openjdk-amd64/jre/lib/amd64/server/libjvm.so
7ff2bfbe0000-7ff2bfc13000 rw-p 00000000 00:00 0 
7ff2bfc13000-7ff2bfc2b000 r-xp 00000000 08:01 2627198                    /lib/x86_64-linux-gnu/libpthread-2.23.so
7ff2bfc2b000-7ff2bfe2a000 ---p 00018000 08:01 2627198                    /lib/x86_64-linux-gnu/libpthread-2.23.so
7ff2bfe2a000-7ff2bfe2b000 r--p 00017000 08:01 2627198                    /lib/x86_64-linux-gnu/libpthread-2.23.so
7ff2bfe2b000-7ff2bfe2c000 rw-p 00018000 08:01 2627198                    /lib/x86_64-linux-gnu/libpthread-2.23.so
7ff2bfe2c000-7ff2bfe30000 rw-p 00000000 00:00 0 
7ff2bfe30000-7ff2bfe33000 r-xp 00000000 08:01 2627076                    /lib/x86_64-linux-gnu/libdl-2.23.so
7ff2bfe33000-7ff2c0032000 ---p 00003000 08:01 2627076                    /lib/x86_64-linux-gnu/libdl-2.23.so
7ff2c0032000-7ff2c0033000 r--p 00002000 08:01 2627076                    /lib/x86_64-linux-gnu/libdl-2.23.so
7ff2c0033000-7ff2c0034000 rw-p 00003000 08:01 2627076                    /lib/x86_64-linux-gnu/libdl-2.23.so
7ff2c0034000-7ff2c004d000 r-xp 00000000 08:01 2627243                    /lib/x86_64-linux-gnu/libz.so.1.2.8
7ff2c004d000-7ff2c024c000 ---p 00019000 08:01 2627243                    /lib/x86_64-linux-gnu/libz.so.1.2.8
7ff2c024c000-7ff2c024d000 r--p 00018000 08:01 2627243                    /lib/x86_64-linux-gnu/libz.so.1.2.8
7ff2c024d000-7ff2c024e000 rw-p 00019000 08:01 2627243                    /lib/x86_64-linux-gnu/libz.so.1.2.8
7ff2c024e000-7ff2c040e000 r-xp 00000000 08:01 2627052                    /lib/x86_64-linux-gnu/libc-2.23.so
7ff2c040e000-7ff2c060e000 ---p 001c0000 08:01 2627052                    /lib/x86_64-linux-gnu/libc-2.23.so
7ff2c060e000-7ff2c0612000 r--p 001c0000 08:01 2627052                    /lib/x86_64-linux-gnu/libc-2.23.so
7ff2c0612000-7ff2c0614000 rw-p 001c4000 08:01 2627052                    /lib/x86_64-linux-gnu/libc-2.23.so
7ff2c0614000-7ff2c0618000 rw-p 00000000 00:00 0 
7ff2c0618000-7ff2c0626000 r-xp 00000000 08:01 1862034                    /usr/lib/jvm/java-8-openjdk-amd64/jre/lib/amd64/jli/libjli.so
7ff2c0626000-7ff2c0825000 ---p 0000e000 08:01 1862034                    /usr/lib/jvm/java-8-openjdk-amd64/jre/lib/amd64/jli/libjli.so
7ff2c0825000-7ff2c0826000 r--p 0000d000 08:01 1862034                    /usr/lib/jvm/java-8-openjdk-amd64/jre/lib/amd64/jli/libjli.so
7ff2c0826000-7ff2c0827000 rw-p 0000e000 08:01 1862034                    /usr/lib/jvm/java-8-openjdk-amd64/jre/lib/amd64/jli/libjli.so
7ff2c0827000-7ff2c084d000 r-xp 00000000 08:01 2627024                    /lib/x86_64-linux-gnu/ld-2.23.so
7ff2c084d000-7ff2c085a000 r--s 00068000 08:01 1195270                    /home/test/.gradle/wrapper/dists/gradle-4.10.2-bin/cghg6c4gf4vkiutgsab8yrnwv/gradle-4.10.2/lib/gradle-launcher-4.10.2.jar
7ff2c085a000-7ff2c0865000 r--s 00116000 08:01 1862001                    /usr/lib/jvm/java-8-openjdk-amd64/jre/lib/ext/localedata.jar
7ff2c0865000-7ff2c0909000 rw-p 00000000 00:00 0 
7ff2c0909000-7ff2c090c000 ---p 00000000 00:00 0 
7ff2c090c000-7ff2c0a0e000 rw-p 00000000 00:00 0 
7ff2c0a0e000-7ff2c0a0f000 r--s 00000000 08:01 1195307                    /home/test/.gradle/wrapper/dists/gradle-4.10.2-bin/cghg6c4gf4vkiutgsab8yrnwv/gradle-4.10.2/lib/jcip-annotations-1.0.jar
7ff2c0a0f000-7ff2c0a11000 r--s 0001a000 08:01 1195297                    /home/test/.gradle/wrapper/dists/gradle-4.10.2-bin/cghg6c4gf4vkiutgsab8yrnwv/gradle-4.10.2/lib/asm-6.2.jar
7ff2c0a11000-7ff2c0a12000 r--s 00009000 08:01 1195303                    /home/test/.gradle/wrapper/dists/gradle-4.10.2-bin/cghg6c4gf4vkiutgsab8yrnwv/gradle-4.10.2/lib/slf4j-api-1.7.16.jar
7ff2c0a12000-7ff2c0a13000 r--s 00004000 08:01 1195316                    /home/test/.gradle/wrapper/dists/gradle-4.10.2-bin/cghg6c4gf4vkiutgsab8yrnwv/gradle-4.10.2/lib/ant-launcher-1.9.11.jar
7ff2c0a13000-7ff2c0a19000 r--s 0003d000 08:01 1862005                    /usr/lib/jvm/java-8-openjdk-amd64/jre/lib/ext/sunjce_provider.jar
7ff2c0a19000-7ff2c0a1d000 r--s 00040000 08:01 1862002                    /usr/lib/jvm/java-8-openjdk-amd64/jre/lib/ext/sunpkcs11.jar
7ff2c0a1d000-7ff2c0a1f000 r--s 00010000 08:01 1861998                    /usr/lib/jvm/java-8-openjdk-amd64/jre/lib/ext/zipfs.jar
7ff2c0a1f000-7ff2c0a20000 r--s 0000a000 08:01 1862000                    /usr/lib/jvm/java-8-openjdk-amd64/jre/lib/ext/jaccess.jar
7ff2c0a20000-7ff2c0a22000 r--s 00001000 08:01 1862004                    /usr/lib/jvm/java-8-openjdk-amd64/jre/lib/ext/dnsns.jar
7ff2c0a22000-7ff2c0a25000 r--s 0000f000 08:01 1862003                    /usr/lib/jvm/java-8-openjdk-amd64/jre/lib/ext/icedtea-sound.jar
7ff2c0a25000-7ff2c0a27000 r--s 00008000 08:01 1861996                    /usr/lib/jvm/java-8-openjdk-amd64/jre/lib/ext/sunec.jar
7ff2c0a27000-7ff2c0a2d000 r--s 000d3000 08:01 1861983                    /usr/lib/jvm/java-8-openjdk-amd64/jre/lib/jfr.jar
7ff2c0a2d000-7ff2c0a41000 rw-p 00000000 00:00 0 
7ff2c0a41000-7ff2c0a49000 rw-s 00000000 08:01 1049024                    /tmp/hsperfdata_test/18059
7ff2c0a49000-7ff2c0a4a000 rw-p 00000000 00:00 0 
7ff2c0a4a000-7ff2c0a4b000 ---p 00000000 00:00 0 
7ff2c0a4b000-7ff2c0a4c000 rw-p 00000000 00:00 0 
7ff2c0a4c000-7ff2c0a4d000 r--p 00025000 08:01 2627024                    /lib/x86_64-linux-gnu/ld-2.23.so
7ff2c0a4d000-7ff2c0a4e000 rw-p 00026000 08:01 2627024                    /lib/x86_64-linux-gnu/ld-2.23.so
7ff2c0a4e000-7ff2c0a4f000 rw-p 00000000 00:00 0 
7fffbf5a9000-7fffbf5cb000 rw-p 00000000 00:00 0                          [stack]
7fffbf5e4000-7fffbf5e7000 r--p 00000000 00:00 0                          [vvar]
7fffbf5e7000-7fffbf5e9000 r-xp 00000000 00:00 0                          [vdso]
ffffffffff600000-ffffffffff601000 r-xp 00000000 00:00 0                  [vsyscall]

VM Arguments:
jvm_args: -XX:+HeapDumpOnOutOfMemoryError -Xmx1024m -Dfile.encoding=UTF-8 -Duser.country=US -Duser.language=en -Duser.variant 
java_command: org.gradle.launcher.daemon.bootstrap.GradleDaemon 4.10.2
java_class_path (initial): /home/test/.gradle/wrapper/dists/gradle-4.10.2-bin/cghg6c4gf4vkiutgsab8yrnwv/gradle-4.10.2/lib/gradle-launcher-4.10.2.jar
Launcher Type: SUN_STANDARD

Environment Variables:
PATH=/opt/ros/kinetic/bin:/home/test/bin:/home/test/.local/bin:/usr/local/sbin:/usr/local/bin:/usr/sbin:/usr/bin:/sbin:/bin:/usr/games:/usr/local/games:/snap/bin
LD_LIBRARY_PATH=/home/test/Downloads/190816_cmtm_code/catkin_ws/devel/lib:/home/test/Downloads/190816_cmtm_code/catkin_ws/devel/lib:/opt/ros/kinetic/lib:/opt/ros/kinetic/lib/x86_64-linux-gnu
SHELL=/bin/bash
DISPLAY=:0

Signal Handlers:
SIGSEGV: [libjvm.so+0xb1f1b0], sa_mask[0]=11111111011111111101111111111110, sa_flags=SA_RESTART|SA_SIGINFO
SIGBUS: [libjvm.so+0xb1f1b0], sa_mask[0]=11111111011111111101111111111110, sa_flags=SA_RESTART|SA_SIGINFO
SIGFPE: [libjvm.so+0x956cf0], sa_mask[0]=11111111011111111101111111111110, sa_flags=SA_RESTART|SA_SIGINFO
SIGPIPE: [libjvm.so+0x956cf0], sa_mask[0]=11111111011111111101111111111110, sa_flags=SA_RESTART|SA_SIGINFO
SIGXFSZ: [libjvm.so+0x956cf0], sa_mask[0]=11111111011111111101111111111110, sa_flags=SA_RESTART|SA_SIGINFO
SIGILL: [libjvm.so+0x956cf0], sa_mask[0]=11111111011111111101111111111110, sa_flags=SA_RESTART|SA_SIGINFO
SIGUSR1: SIG_DFL, sa_mask[0]=00000000000000000000000000000000, sa_flags=none
SIGUSR2: [libjvm.so+0x956ba0], sa_mask[0]=00100000000000000000000000000000, sa_flags=SA_RESTART|SA_SIGINFO
SIGHUP: [libjvm.so+0x957230], sa_mask[0]=11111111011111111101111111111110, sa_flags=SA_RESTART|SA_SIGINFO
SIGINT: [libjvm.so+0x957230], sa_mask[0]=11111111011111111101111111111110, sa_flags=SA_RESTART|SA_SIGINFO
SIGTERM: [libjvm.so+0x957230], sa_mask[0]=11111111011111111101111111111110, sa_flags=SA_RESTART|SA_SIGINFO
SIGQUIT: [libjvm.so+0x957230], sa_mask[0]=11111111011111111101111111111110, sa_flags=SA_RESTART|SA_SIGINFO


---------------  S Y S T E M  ---------------

OS:DISTRIB_ID=Ubuntu
DISTRIB_RELEASE=16.04
DISTRIB_CODENAME=xenial
DISTRIB_DESCRIPTION="Ubuntu 16.04.7 LTS"

uname:Linux 4.15.0-112-generic #113~16.04.1-Ubuntu SMP Fri Jul 10 04:37:08 UTC 2020 x86_64
libc:glibc 2.23 NPTL 2.23 
rlimit: STACK 8192k, CORE 0k, NPROC 7732, NOFILE 1048576, AS infinity
load average:7.33 3.67 2.40

/proc/meminfo:
MemTotal:        2040492 kB
MemFree:           53372 kB
MemAvailable:          0 kB
Buffers:             400 kB
Cached:            31728 kB
SwapCached:         6236 kB
Active:          1361008 kB
Inactive:         458440 kB
Active(anon):    1358220 kB
Inactive(anon):   452848 kB
Active(file):       2788 kB
Inactive(file):     5592 kB
Unevictable:          32 kB
Mlocked:              32 kB
SwapTotal:        998396 kB
SwapFree:              0 kB
Dirty:                 0 kB
Writeback:           208 kB
AnonPages:       1781408 kB
Mapped:            29044 kB
Shmem:             23476 kB
Slab:              70036 kB
SReclaimable:      31596 kB
SUnreclaim:        38440 kB
KernelStack:       14272 kB
PageTables:        43556 kB
NFS_Unstable:          0 kB
Bounce:                0 kB
WritebackTmp:          0 kB
CommitLimit:     2018640 kB
Committed_AS:    6680876 kB
VmallocTotal:   34359738367 kB
VmallocUsed:           0 kB
VmallocChunk:          0 kB
HardwareCorrupted:     0 kB
AnonHugePages:         0 kB
ShmemHugePages:        0 kB
ShmemPmdMapped:        0 kB
CmaTotal:              0 kB
CmaFree:               0 kB
HugePages_Total:       0
HugePages_Free:        0
HugePages_Rsvd:        0
HugePages_Surp:        0
Hugepagesize:       2048 kB
DirectMap4k:      151488 kB
DirectMap2M:     1945600 kB

container (cgroup) information:
container_type: cgroupv1
cpu_cpuset_cpus: 0-3
cpu_memory_nodes: 0
active_processor_count: 4
cpu_quota: -1
cpu_period: 100000
cpu_shares: -1
memory_limit_in_bytes: -1
memory_and_swap_limit_in_bytes: -2
memory_soft_limit_in_bytes: -1
memory_usage_in_bytes: 1858834432
memory_max_usage_in_bytes: 0


CPU:total 4 (initial active 4) (4 cores per cpu, 1 threads per core) family 23 model 113 stepping 0, cmov, cx8, fxsr, mmx, sse, sse2, sse3, ssse3, sse4.1, sse4.2, popcnt, avx, avx2, aes, clmul, mmxext, lzcnt, sse4a, tsc, tscinvbit, tscinv

/proc/cpuinfo:
processor	: 0
vendor_id	: AuthenticAMD
cpu family	: 23
model		: 113
model name	: AMD Ryzen 5 3600 6-Core Processor
stepping	: 0
microcode	: 0x6000626
cpu MHz		: 3593.256
cache size	: 512 KB
physical id	: 0
siblings	: 4
core id		: 0
cpu cores	: 4
apicid		: 0
initial apicid	: 0
fpu		: yes
fpu_exception	: yes
cpuid level	: 16
wp		: yes
flags		: fpu vme de pse tsc msr pae mce cx8 apic sep mtrr pge mca cmov pat pse36 clflush mmx fxsr sse sse2 ht syscall nx mmxext fxsr_opt rdtscp lm constant_tsc rep_good nopl nonstop_tsc cpuid extd_apicid tsc_known_freq pni pclmulqdq ssse3 cx16 sse4_1 sse4_2 x2apic movbe popcnt aes xsave avx rdrand hypervisor lahf_lm cmp_legacy cr8_legacy abm sse4a misalignsse 3dnowprefetch ssbd vmmcall fsgsbase avx2 rdseed clflushopt arat
bugs		: fxsave_leak sysret_ss_attrs spectre_v1 spectre_v2 spec_store_bypass
bogomips	: 7186.51
TLB size	: 3072 4K pages
clflush size	: 64
cache_alignment	: 64
address sizes	: 48 bits physical, 48 bits virtual
power management:

processor	: 1
vendor_id	: AuthenticAMD
cpu family	: 23
model		: 113
model name	: AMD Ryzen 5 3600 6-Core Processor
stepping	: 0
microcode	: 0x6000626
cpu MHz		: 3593.256
cache size	: 512 KB
physical id	: 0
siblings	: 4
core id		: 1
cpu cores	: 4
apicid		: 1
initial apicid	: 1
fpu		: yes
fpu_exception	: yes
cpuid level	: 16
wp		: yes
flags		: fpu vme de pse tsc msr pae mce cx8 apic sep mtrr pge mca cmov pat pse36 clflush mmx fxsr sse sse2 ht syscall nx mmxext fxsr_opt rdtscp lm constant_tsc rep_good nopl nonstop_tsc cpuid extd_apicid tsc_known_freq pni pclmulqdq ssse3 cx16 sse4_1 sse4_2 x2apic movbe popcnt aes xsave avx rdrand hypervisor lahf_lm cmp_legacy cr8_legacy abm sse4a misalignsse 3dnowprefetch ssbd vmmcall fsgsbase avx2 rdseed clflushopt arat
bugs		: fxsave_leak sysret_ss_attrs spectre_v1 spectre_v2 spec_store_bypass
bogomips	: 7186.51
TLB size	: 3072 4K pages
clflush size	: 64
cache_alignment	: 64
address sizes	: 48 bits physical, 48 bits virtual
power management:

processor	: 2
vendor_id	: AuthenticAMD
cpu family	: 23
model		: 113
model name	: AMD Ryzen 5 3600 6-Core Processor
stepping	: 0
microcode	: 0x6000626
cpu MHz		: 3593.256
cache size	: 512 KB
physical id	: 0
siblings	: 4
core id		: 2
cpu cores	: 4
apicid		: 2
initial apicid	: 2
fpu		: yes
fpu_exception	: yes
cpuid level	: 16
wp		: yes
flags		: fpu vme de pse tsc msr pae mce cx8 apic sep mtrr pge mca cmov pat pse36 clflush mmx fxsr sse sse2 ht syscall nx mmxext fxsr_opt rdtscp lm constant_tsc rep_good nopl nonstop_tsc cpuid extd_apicid tsc_known_freq pni pclmulqdq ssse3 cx16 sse4_1 sse4_2 x2apic movbe popcnt aes xsave avx rdrand hypervisor lahf_lm cmp_legacy cr8_legacy abm sse4a misalignsse 3dnowprefetch ssbd vmmcall fsgsbase avx2 rdseed clflushopt arat
bugs		: fxsave_leak sysret_ss_attrs spectre_v1 spectre_v2 spec_store_bypass
bogomips	: 7186.51
TLB size	: 3072 4K pages
clflush size	: 64
cache_alignment	: 64
address sizes	: 48 bits physical, 48 bits virtual
power management:

processor	: 3
vendor_id	: AuthenticAMD
cpu family	: 23
model		: 113
model name	: AMD Ryzen 5 3600 6-Core Processor
stepping	: 0
microcode	: 0x6000626
cpu MHz		: 3593.256
cache size	: 512 KB
physical id	: 0
siblings	: 4
core id		: 3
cpu cores	: 4
apicid		: 3
initial apicid	: 3
fpu		: yes
fpu_exception	: yes
cpuid level	: 16
wp		: yes
flags		: fpu vme de pse tsc msr pae mce cx8 apic sep mtrr pge mca cmov pat pse36 clflush mmx fxsr sse sse2 ht syscall nx mmxext fxsr_opt rdtscp lm constant_tsc rep_good nopl nonstop_tsc cpuid extd_apicid tsc_known_freq pni pclmulqdq ssse3 cx16 sse4_1 sse4_2 x2apic movbe popcnt aes xsave avx rdrand hypervisor lahf_lm cmp_legacy cr8_legacy abm sse4a misalignsse 3dnowprefetch ssbd vmmcall fsgsbase avx2 rdseed clflushopt arat
bugs		: fxsave_leak sysret_ss_attrs spectre_v1 spectre_v2 spec_store_bypass
bogomips	: 7186.51
TLB size	: 3072 4K pages
clflush size	: 64
cache_alignment	: 64
address sizes	: 48 bits physical, 48 bits virtual
power management:



Memory: 4k page, physical 2040492k(53072k free), swap 998396k(0k free)

vm_info: OpenJDK 64-Bit Server VM (25.292-b10) for linux-amd64 JRE (1.8.0_292-8u292-b10-0ubuntu1~16.04.1-b10), built on Apr 21 2021 12:47:35 by "buildd" with gcc 5.4.0 20160609

time: Fri Jul 30 19:10:36 2021
timezone: KST
elapsed time: 31.032786 seconds (0d 0h 0m 31s)

