Determining if the pthread_create exist failed with the following output:
Change Dir: /home/test/Downloads/190816_cmtm_code/catkin_ws/build/CMakeFiles/CMakeTmp

Run Build Command:"/usr/bin/make" "cmTC_ab417/fast"
/usr/bin/make -f CMakeFiles/cmTC_ab417.dir/build.make CMakeFiles/cmTC_ab417.dir/build
make[1]: Entering directory '/home/test/Downloads/190816_cmtm_code/catkin_ws/build/CMakeFiles/CMakeTmp'
Building C object CMakeFiles/cmTC_ab417.dir/CheckSymbolExists.c.o
/usr/bin/cc     -o CMakeFiles/cmTC_ab417.dir/CheckSymbolExists.c.o   -c /home/test/Downloads/190816_cmtm_code/catkin_ws/build/CMakeFiles/CMakeTmp/CheckSymbolExists.c
Linking C executable cmTC_ab417
/usr/bin/cmake -E cmake_link_script CMakeFiles/cmTC_ab417.dir/link.txt --verbose=1
/usr/bin/cc       CMakeFiles/cmTC_ab417.dir/CheckSymbolExists.c.o  -o cmTC_ab417 -rdynamic 
CMakeFiles/cmTC_ab417.dir/CheckSymbolExists.c.o: In function `main':
CheckSymbolExists.c:(.text+0x16): undefined reference to `pthread_create'
collect2: error: ld returned 1 exit status
CMakeFiles/cmTC_ab417.dir/build.make:97: recipe for target 'cmTC_ab417' failed
make[1]: *** [cmTC_ab417] Error 1
make[1]: Leaving directory '/home/test/Downloads/190816_cmtm_code/catkin_ws/build/CMakeFiles/CMakeTmp'
Makefile:126: recipe for target 'cmTC_ab417/fast' failed
make: *** [cmTC_ab417/fast] Error 2

File /home/test/Downloads/190816_cmtm_code/catkin_ws/build/CMakeFiles/CMakeTmp/CheckSymbolExists.c:
/* */
#include <pthread.h>

int main(int argc, char** argv)
{
  (void)argv;
#ifndef pthread_create
  return ((int*)(&pthread_create))[argc];
#else
  (void)argc;
  return 0;
#endif
}

Determining if the function pthread_create exists in the pthreads failed with the following output:
Change Dir: /home/test/Downloads/190816_cmtm_code/catkin_ws/build/CMakeFiles/CMakeTmp

Run Build Command:"/usr/bin/make" "cmTC_e739a/fast"
/usr/bin/make -f CMakeFiles/cmTC_e739a.dir/build.make CMakeFiles/cmTC_e739a.dir/build
make[1]: Entering directory '/home/test/Downloads/190816_cmtm_code/catkin_ws/build/CMakeFiles/CMakeTmp'
Building C object CMakeFiles/cmTC_e739a.dir/CheckFunctionExists.c.o
/usr/bin/cc    -DCHECK_FUNCTION_EXISTS=pthread_create   -o CMakeFiles/cmTC_e739a.dir/CheckFunctionExists.c.o   -c /usr/share/cmake-3.5/Modules/CheckFunctionExists.c
Linking C executable cmTC_e739a
/usr/bin/cmake -E cmake_link_script CMakeFiles/cmTC_e739a.dir/link.txt --verbose=1
/usr/bin/cc   -DCHECK_FUNCTION_EXISTS=pthread_create    CMakeFiles/cmTC_e739a.dir/CheckFunctionExists.c.o  -o cmTC_e739a -rdynamic -lpthreads 
/usr/bin/ld: cannot find -lpthreads
collect2: error: ld returned 1 exit status
CMakeFiles/cmTC_e739a.dir/build.make:97: recipe for target 'cmTC_e739a' failed
make[1]: *** [cmTC_e739a] Error 1
make[1]: Leaving directory '/home/test/Downloads/190816_cmtm_code/catkin_ws/build/CMakeFiles/CMakeTmp'
Makefile:126: recipe for target 'cmTC_e739a/fast' failed
make: *** [cmTC_e739a/fast] Error 2


